2018-05-03T17:02:26.898Z - error: 404 - Not Found -Error: Not Found
    at d:\Workspace\Nodejs\GIT\CameraApp\app.js:89:13
    at Layer.handle [as handle_request] (d:\Workspace\Nodejs\GIT\CameraApp\node_modules\express\lib\router\layer.js:95:5)
    at trim_prefix (d:\Workspace\Nodejs\GIT\CameraApp\node_modules\express\lib\router\index.js:317:13)
    at d:\Workspace\Nodejs\GIT\CameraApp\node_modules\express\lib\router\index.js:284:7
    at Function.process_params (d:\Workspace\Nodejs\GIT\CameraApp\node_modules\express\lib\router\index.js:335:12)
    at next (d:\Workspace\Nodejs\GIT\CameraApp\node_modules\express\lib\router\index.js:275:10)
    at d:\Workspace\Nodejs\GIT\CameraApp\node_modules\express\lib\router\index.js:635:15
    at next (d:\Workspace\Nodejs\GIT\CameraApp\node_modules\express\lib\router\index.js:260:14)
    at Function.handle (d:\Workspace\Nodejs\GIT\CameraApp\node_modules\express\lib\router\index.js:174:3)
    at router (d:\Workspace\Nodejs\GIT\CameraApp\node_modules\express\lib\router\index.js:47:12)
    at Layer.handle [as handle_request] (d:\Workspace\Nodejs\GIT\CameraApp\node_modules\express\lib\router\layer.js:95:5)
    at trim_prefix (d:\Workspace\Nodejs\GIT\CameraApp\node_modules\express\lib\router\index.js:317:13)
    at d:\Workspace\Nodejs\GIT\CameraApp\node_modules\express\lib\router\index.js:284:7
    at Function.process_params (d:\Workspace\Nodejs\GIT\CameraApp\node_modules\express\lib\router\index.js:335:12)
    at next (d:\Workspace\Nodejs\GIT\CameraApp\node_modules\express\lib\router\index.js:275:10)
    at d:\Workspace\Nodejs\GIT\CameraApp\node_modules\express\lib\router\index.js:635:15
    at next (d:\Workspace\Nodejs\GIT\CameraApp\node_modules\express\lib\router\index.js:260:14)
    at Function.handle (d:\Workspace\Nodejs\GIT\CameraApp\node_modules\express\lib\router\index.js:174:3)
    at router (d:\Workspace\Nodejs\GIT\CameraApp\node_modules\express\lib\router\index.js:47:12)
    at Layer.handle [as handle_request] (d:\Workspace\Nodejs\GIT\CameraApp\node_modules\express\lib\router\layer.js:95:5)
    at trim_prefix (d:\Workspace\Nodejs\GIT\CameraApp\node_modules\express\lib\router\index.js:317:13)
    at d:\Workspace\Nodejs\GIT\CameraApp\node_modules\express\lib\router\index.js:284:7- /admin/product/create - POST - ::1
2018-05-03T17:02:26.917Z - info: ::1 - - [03/May/2018:17:02:26 +0000] "POST /admin/product/create HTTP/1.1" 404 24 "-" "Mozilla/5.0 (Windows NT 10.0; Win64; x64) AppleWebKit/537.36 (KHTML, like Gecko) Chrome/66.0.3359.139 Safari/537.36"

2018-05-03T17:04:02.748Z - error: 404 - Not Found -Error: Not Found
    at d:\Workspace\Nodejs\GIT\CameraApp\app.js:90:13
    at Layer.handle [as handle_request] (d:\Workspace\Nodejs\GIT\CameraApp\node_modules\express\lib\router\layer.js:95:5)
    at trim_prefix (d:\Workspace\Nodejs\GIT\CameraApp\node_modules\express\lib\router\index.js:317:13)
    at d:\Workspace\Nodejs\GIT\CameraApp\node_modules\express\lib\router\index.js:284:7
    at Function.process_params (d:\Workspace\Nodejs\GIT\CameraApp\node_modules\express\lib\router\index.js:335:12)
    at next (d:\Workspace\Nodejs\GIT\CameraApp\node_modules\express\lib\router\index.js:275:10)
    at d:\Workspace\Nodejs\GIT\CameraApp\node_modules\express\lib\router\index.js:635:15
    at next (d:\Workspace\Nodejs\GIT\CameraApp\node_modules\express\lib\router\index.js:260:14)
    at Function.handle (d:\Workspace\Nodejs\GIT\CameraApp\node_modules\express\lib\router\index.js:174:3)
    at router (d:\Workspace\Nodejs\GIT\CameraApp\node_modules\express\lib\router\index.js:47:12)
    at Layer.handle [as handle_request] (d:\Workspace\Nodejs\GIT\CameraApp\node_modules\express\lib\router\layer.js:95:5)
    at trim_prefix (d:\Workspace\Nodejs\GIT\CameraApp\node_modules\express\lib\router\index.js:317:13)
    at d:\Workspace\Nodejs\GIT\CameraApp\node_modules\express\lib\router\index.js:284:7
    at Function.process_params (d:\Workspace\Nodejs\GIT\CameraApp\node_modules\express\lib\router\index.js:335:12)
    at next (d:\Workspace\Nodejs\GIT\CameraApp\node_modules\express\lib\router\index.js:275:10)
    at d:\Workspace\Nodejs\GIT\CameraApp\node_modules\express\lib\router\index.js:635:15
    at next (d:\Workspace\Nodejs\GIT\CameraApp\node_modules\express\lib\router\index.js:260:14)
    at Function.handle (d:\Workspace\Nodejs\GIT\CameraApp\node_modules\express\lib\router\index.js:174:3)
    at router (d:\Workspace\Nodejs\GIT\CameraApp\node_modules\express\lib\router\index.js:47:12)
    at Layer.handle [as handle_request] (d:\Workspace\Nodejs\GIT\CameraApp\node_modules\express\lib\router\layer.js:95:5)
    at trim_prefix (d:\Workspace\Nodejs\GIT\CameraApp\node_modules\express\lib\router\index.js:317:13)
    at d:\Workspace\Nodejs\GIT\CameraApp\node_modules\express\lib\router\index.js:284:7- //admin/product/create - POST - ::1
2018-05-03T17:04:02.766Z - info: ::1 - - [03/May/2018:17:04:02 +0000] "POST //admin/product/create HTTP/1.1" 404 24 "-" "Mozilla/5.0 (Windows NT 10.0; Win64; x64) AppleWebKit/537.36 (KHTML, like Gecko) Chrome/66.0.3359.139 Safari/537.36"

2018-05-03T17:04:39.510Z - error: 404 - Not Found -Error: Not Found
    at d:\Workspace\Nodejs\GIT\CameraApp\app.js:90:13
    at Layer.handle [as handle_request] (d:\Workspace\Nodejs\GIT\CameraApp\node_modules\express\lib\router\layer.js:95:5)
    at trim_prefix (d:\Workspace\Nodejs\GIT\CameraApp\node_modules\express\lib\router\index.js:317:13)
    at d:\Workspace\Nodejs\GIT\CameraApp\node_modules\express\lib\router\index.js:284:7
    at Function.process_params (d:\Workspace\Nodejs\GIT\CameraApp\node_modules\express\lib\router\index.js:335:12)
    at next (d:\Workspace\Nodejs\GIT\CameraApp\node_modules\express\lib\router\index.js:275:10)
    at d:\Workspace\Nodejs\GIT\CameraApp\node_modules\express\lib\router\index.js:635:15
    at next (d:\Workspace\Nodejs\GIT\CameraApp\node_modules\express\lib\router\index.js:260:14)
    at Function.handle (d:\Workspace\Nodejs\GIT\CameraApp\node_modules\express\lib\router\index.js:174:3)
    at router (d:\Workspace\Nodejs\GIT\CameraApp\node_modules\express\lib\router\index.js:47:12)
    at Layer.handle [as handle_request] (d:\Workspace\Nodejs\GIT\CameraApp\node_modules\express\lib\router\layer.js:95:5)
    at trim_prefix (d:\Workspace\Nodejs\GIT\CameraApp\node_modules\express\lib\router\index.js:317:13)
    at d:\Workspace\Nodejs\GIT\CameraApp\node_modules\express\lib\router\index.js:284:7
    at Function.process_params (d:\Workspace\Nodejs\GIT\CameraApp\node_modules\express\lib\router\index.js:335:12)
    at next (d:\Workspace\Nodejs\GIT\CameraApp\node_modules\express\lib\router\index.js:275:10)
    at d:\Workspace\Nodejs\GIT\CameraApp\node_modules\express\lib\router\index.js:635:15
    at next (d:\Workspace\Nodejs\GIT\CameraApp\node_modules\express\lib\router\index.js:260:14)
    at Function.handle (d:\Workspace\Nodejs\GIT\CameraApp\node_modules\express\lib\router\index.js:174:3)
    at router (d:\Workspace\Nodejs\GIT\CameraApp\node_modules\express\lib\router\index.js:47:12)
    at Layer.handle [as handle_request] (d:\Workspace\Nodejs\GIT\CameraApp\node_modules\express\lib\router\layer.js:95:5)
    at trim_prefix (d:\Workspace\Nodejs\GIT\CameraApp\node_modules\express\lib\router\index.js:317:13)
    at d:\Workspace\Nodejs\GIT\CameraApp\node_modules\express\lib\router\index.js:284:7- //admin/product/create - POST - ::1
2018-05-03T17:04:39.516Z - info: ::1 - - [03/May/2018:17:04:39 +0000] "POST //admin/product/create HTTP/1.1" 404 24 "-" "Mozilla/5.0 (Windows NT 10.0; Win64; x64) AppleWebKit/537.36 (KHTML, like Gecko) Chrome/66.0.3359.139 Safari/537.36"

2018-05-03T17:05:10.138Z - error: 500 - images is not defined -ReferenceError: images is not defined
    at models.Product.create.then.product (d:\Workspace\Nodejs\GIT\CameraApp\api\service\product\product.service.js:20:9)
    at tryCatcher (d:\Workspace\Nodejs\GIT\CameraApp\node_modules\bluebird\js\release\util.js:16:23)
    at Promise._settlePromiseFromHandler (d:\Workspace\Nodejs\GIT\CameraApp\node_modules\bluebird\js\release\promise.js:512:31)
    at Promise._settlePromise (d:\Workspace\Nodejs\GIT\CameraApp\node_modules\bluebird\js\release\promise.js:569:18)
    at Promise._settlePromise0 (d:\Workspace\Nodejs\GIT\CameraApp\node_modules\bluebird\js\release\promise.js:614:10)
    at Promise._settlePromises (d:\Workspace\Nodejs\GIT\CameraApp\node_modules\bluebird\js\release\promise.js:693:18)
    at Async._drainQueue (d:\Workspace\Nodejs\GIT\CameraApp\node_modules\bluebird\js\release\async.js:133:16)
    at Async._drainQueues (d:\Workspace\Nodejs\GIT\CameraApp\node_modules\bluebird\js\release\async.js:143:10)
    at Immediate.Async.drainQueues [as _onImmediate] (d:\Workspace\Nodejs\GIT\CameraApp\node_modules\bluebird\js\release\async.js:17:14)
    at runCallback (timers.js:757:18)
    at tryOnImmediate (timers.js:718:5)
    at processImmediate [as _immediateCallback] (timers.js:698:5)- /admin/product/create - POST - ::1
2018-05-03T17:05:10.143Z - info: ::1 - - [03/May/2018:17:05:10 +0000] "POST /admin/product/create HTTP/1.1" 500 12 "-" "Mozilla/5.0 (Windows NT 10.0; Win64; x64) AppleWebKit/537.36 (KHTML, like Gecko) Chrome/66.0.3359.139 Safari/537.36"

2018-05-03T17:06:23.095Z - error: 500 - SuccessResponse is not defined -ReferenceError: SuccessResponse is not defined
    at productService.create.then.result (d:\Workspace\Nodejs\GIT\CameraApp\api\controllers\product\admin\product-manager.controller.js:14:26)
    at tryCatcher (d:\Workspace\Nodejs\GIT\CameraApp\node_modules\bluebird\js\release\util.js:16:23)
    at Promise._settlePromiseFromHandler (d:\Workspace\Nodejs\GIT\CameraApp\node_modules\bluebird\js\release\promise.js:512:31)
    at Promise._settlePromise (d:\Workspace\Nodejs\GIT\CameraApp\node_modules\bluebird\js\release\promise.js:569:18)
    at Promise._settlePromise0 (d:\Workspace\Nodejs\GIT\CameraApp\node_modules\bluebird\js\release\promise.js:614:10)
    at Promise._settlePromises (d:\Workspace\Nodejs\GIT\CameraApp\node_modules\bluebird\js\release\promise.js:693:18)
    at Async._drainQueue (d:\Workspace\Nodejs\GIT\CameraApp\node_modules\bluebird\js\release\async.js:133:16)
    at Async._drainQueues (d:\Workspace\Nodejs\GIT\CameraApp\node_modules\bluebird\js\release\async.js:143:10)
    at Immediate.Async.drainQueues [as _onImmediate] (d:\Workspace\Nodejs\GIT\CameraApp\node_modules\bluebird\js\release\async.js:17:14)
    at runCallback (timers.js:757:18)
    at tryOnImmediate (timers.js:718:5)
    at processImmediate [as _immediateCallback] (timers.js:698:5)- /admin/product/create - POST - ::1
2018-05-03T17:06:23.115Z - info: ::1 - - [03/May/2018:17:06:23 +0000] "POST /admin/product/create HTTP/1.1" 500 12 "-" "Mozilla/5.0 (Windows NT 10.0; Win64; x64) AppleWebKit/537.36 (KHTML, like Gecko) Chrome/66.0.3359.139 Safari/537.36"

2018-05-03T17:08:45.697Z - info: ::1 - - [03/May/2018:17:08:45 +0000] "POST /file/upload HTTP/1.1" 200 338 "-" "Mozilla/5.0 (Windows NT 10.0; Win64; x64) AppleWebKit/537.36 (KHTML, like Gecko) Chrome/66.0.3359.139 Safari/537.36"

2018-05-03T17:09:38.908Z - info: ::1 - - [03/May/2018:17:09:38 +0000] "POST /admin/product/create HTTP/1.1" 200 231 "-" "Mozilla/5.0 (Windows NT 10.0; Win64; x64) AppleWebKit/537.36 (KHTML, like Gecko) Chrome/66.0.3359.139 Safari/537.36"

2018-05-03T17:10:57.435Z - info: ::1 - - [03/May/2018:17:10:57 +0000] "POST /admin/product/create HTTP/1.1" 200 231 "-" "Mozilla/5.0 (Windows NT 10.0; Win64; x64) AppleWebKit/537.36 (KHTML, like Gecko) Chrome/66.0.3359.139 Safari/537.36"

2018-05-03T17:15:57.633Z - info: ::1 - - [03/May/2018:17:15:57 +0000] "POST /admin/product/create HTTP/1.1" 200 243 "-" "Mozilla/5.0 (Windows NT 10.0; Win64; x64) AppleWebKit/537.36 (KHTML, like Gecko) Chrome/66.0.3359.139 Safari/537.36"

2018-05-03T17:16:20.159Z - error: 500 - Cannot add or update a child row: a foreign key constraint fails (`camera-app-db`.`product`, CONSTRAINT `product_ibfk_1` FOREIGN KEY (`type_id`) REFERENCES `type` (`id`) ON DELETE SET NULL ON UPDATE CASCADE) -SequelizeForeignKeyConstraintError: Cannot add or update a child row: a foreign key constraint fails (`camera-app-db`.`product`, CONSTRAINT `product_ibfk_1` FOREIGN KEY (`type_id`) REFERENCES `type` (`id`) ON DELETE SET NULL ON UPDATE CASCADE)
    at Query.formatError (d:\Workspace\Nodejs\GIT\CameraApp\node_modules\sequelize\lib\dialects\mysql\query.js:236:16)
    at Query.handler [as onResult] (d:\Workspace\Nodejs\GIT\CameraApp\node_modules\sequelize\lib\dialects\mysql\query.js:68:23)
    at Query.Command.execute (d:\Workspace\Nodejs\GIT\CameraApp\node_modules\mysql2\lib\commands\command.js:30:12)
    at Connection.handlePacket (d:\Workspace\Nodejs\GIT\CameraApp\node_modules\mysql2\lib\connection.js:502:28)
    at PacketParser.onPacket (d:\Workspace\Nodejs\GIT\CameraApp\node_modules\mysql2\lib\connection.js:81:16)
    at PacketParser.executeStart (d:\Workspace\Nodejs\GIT\CameraApp\node_modules\mysql2\lib\packet_parser.js:77:14)
    at Socket.<anonymous> (d:\Workspace\Nodejs\GIT\CameraApp\node_modules\mysql2\lib\connection.js:89:29)
    at Socket.emit (events.js:127:13)
    at addChunk (_stream_readable.js:269:12)
    at readableAddChunk (_stream_readable.js:256:11)
    at Socket.Readable.push (_stream_readable.js:213:10)
    at TCP.onread (net.js:590:20)- /admin/product/create - POST - ::1
2018-05-03T17:16:20.162Z - info: ::1 - - [03/May/2018:17:16:20 +0000] "POST /admin/product/create HTTP/1.1" 500 1015 "-" "Mozilla/5.0 (Windows NT 10.0; Win64; x64) AppleWebKit/537.36 (KHTML, like Gecko) Chrome/66.0.3359.139 Safari/537.36"

2018-05-03T17:17:28.385Z - error: 500 - Cannot add or update a child row: a foreign key constraint fails (`camera-app-db`.`product`, CONSTRAINT `product_ibfk_1` FOREIGN KEY (`type_id`) REFERENCES `type` (`id`) ON DELETE SET NULL ON UPDATE CASCADE) -SequelizeForeignKeyConstraintError: Cannot add or update a child row: a foreign key constraint fails (`camera-app-db`.`product`, CONSTRAINT `product_ibfk_1` FOREIGN KEY (`type_id`) REFERENCES `type` (`id`) ON DELETE SET NULL ON UPDATE CASCADE)
    at Query.formatError (d:\Workspace\Nodejs\GIT\CameraApp\node_modules\sequelize\lib\dialects\mysql\query.js:236:16)
    at Query.handler [as onResult] (d:\Workspace\Nodejs\GIT\CameraApp\node_modules\sequelize\lib\dialects\mysql\query.js:68:23)
    at Query.Command.execute (d:\Workspace\Nodejs\GIT\CameraApp\node_modules\mysql2\lib\commands\command.js:30:12)
    at Connection.handlePacket (d:\Workspace\Nodejs\GIT\CameraApp\node_modules\mysql2\lib\connection.js:502:28)
    at PacketParser.onPacket (d:\Workspace\Nodejs\GIT\CameraApp\node_modules\mysql2\lib\connection.js:81:16)
    at PacketParser.executeStart (d:\Workspace\Nodejs\GIT\CameraApp\node_modules\mysql2\lib\packet_parser.js:77:14)
    at Socket.<anonymous> (d:\Workspace\Nodejs\GIT\CameraApp\node_modules\mysql2\lib\connection.js:89:29)
    at Socket.emit (events.js:127:13)
    at addChunk (_stream_readable.js:269:12)
    at readableAddChunk (_stream_readable.js:256:11)
    at Socket.Readable.push (_stream_readable.js:213:10)
    at TCP.onread (net.js:590:20)- /admin/product/create - POST - ::1
2018-05-03T17:17:28.393Z - info: ::1 - - [03/May/2018:17:17:28 +0000] "POST /admin/product/create HTTP/1.1" 500 1015 "-" "Mozilla/5.0 (Windows NT 10.0; Win64; x64) AppleWebKit/537.36 (KHTML, like Gecko) Chrome/66.0.3359.139 Safari/537.36"

2018-05-03T17:17:53.868Z - error: 500 - Cannot add or update a child row: a foreign key constraint fails (`camera-app-db`.`product`, CONSTRAINT `product_ibfk_1` FOREIGN KEY (`type_id`) REFERENCES `type` (`id`) ON DELETE SET NULL ON UPDATE CASCADE) -SequelizeForeignKeyConstraintError: Cannot add or update a child row: a foreign key constraint fails (`camera-app-db`.`product`, CONSTRAINT `product_ibfk_1` FOREIGN KEY (`type_id`) REFERENCES `type` (`id`) ON DELETE SET NULL ON UPDATE CASCADE)
    at Query.formatError (d:\Workspace\Nodejs\GIT\CameraApp\node_modules\sequelize\lib\dialects\mysql\query.js:236:16)
    at Query.handler [as onResult] (d:\Workspace\Nodejs\GIT\CameraApp\node_modules\sequelize\lib\dialects\mysql\query.js:68:23)
    at Query.Command.execute (d:\Workspace\Nodejs\GIT\CameraApp\node_modules\mysql2\lib\commands\command.js:30:12)
    at Connection.handlePacket (d:\Workspace\Nodejs\GIT\CameraApp\node_modules\mysql2\lib\connection.js:502:28)
    at PacketParser.onPacket (d:\Workspace\Nodejs\GIT\CameraApp\node_modules\mysql2\lib\connection.js:81:16)
    at PacketParser.executeStart (d:\Workspace\Nodejs\GIT\CameraApp\node_modules\mysql2\lib\packet_parser.js:77:14)
    at Socket.<anonymous> (d:\Workspace\Nodejs\GIT\CameraApp\node_modules\mysql2\lib\connection.js:89:29)
    at Socket.emit (events.js:127:13)
    at addChunk (_stream_readable.js:269:12)
    at readableAddChunk (_stream_readable.js:256:11)
    at Socket.Readable.push (_stream_readable.js:213:10)
    at TCP.onread (net.js:590:20)- /admin/product/create - POST - ::1
2018-05-03T17:17:53.873Z - info: ::1 - - [03/May/2018:17:17:53 +0000] "POST /admin/product/create HTTP/1.1" 500 1015 "-" "Mozilla/5.0 (Windows NT 10.0; Win64; x64) AppleWebKit/537.36 (KHTML, like Gecko) Chrome/66.0.3359.139 Safari/537.36"

2018-05-03T17:20:05.965Z - error: 500 - Lock wait timeout exceeded; try restarting transaction -SequelizeDatabaseError: Lock wait timeout exceeded; try restarting transaction
    at Query.formatError (d:\Workspace\Nodejs\GIT\CameraApp\node_modules\sequelize\lib\dialects\mysql\query.js:247:16)
    at Query.handler [as onResult] (d:\Workspace\Nodejs\GIT\CameraApp\node_modules\sequelize\lib\dialects\mysql\query.js:68:23)
    at Query.Command.execute (d:\Workspace\Nodejs\GIT\CameraApp\node_modules\mysql2\lib\commands\command.js:30:12)
    at Connection.handlePacket (d:\Workspace\Nodejs\GIT\CameraApp\node_modules\mysql2\lib\connection.js:502:28)
    at PacketParser.onPacket (d:\Workspace\Nodejs\GIT\CameraApp\node_modules\mysql2\lib\connection.js:81:16)
    at PacketParser.executeStart (d:\Workspace\Nodejs\GIT\CameraApp\node_modules\mysql2\lib\packet_parser.js:77:14)
    at Socket.<anonymous> (d:\Workspace\Nodejs\GIT\CameraApp\node_modules\mysql2\lib\connection.js:89:29)
    at Socket.emit (events.js:127:13)
    at addChunk (_stream_readable.js:269:12)
    at readableAddChunk (_stream_readable.js:256:11)
    at Socket.Readable.push (_stream_readable.js:213:10)
    at TCP.onread (net.js:590:20)- /admin/product/create - POST - ::1
2018-05-03T17:20:05.978Z - info: ::1 - - [03/May/2018:17:20:05 +0000] "POST /admin/product/create HTTP/1.1" 500 604 "-" "Mozilla/5.0 (Windows NT 10.0; Win64; x64) AppleWebKit/537.36 (KHTML, like Gecko) Chrome/66.0.3359.139 Safari/537.36"

2018-05-03T17:21:57.814Z - info: ::1 - - [03/May/2018:17:21:57 +0000] "POST /admin/product/create HTTP/1.1" 200 244 "-" "Mozilla/5.0 (Windows NT 10.0; Win64; x64) AppleWebKit/537.36 (KHTML, like Gecko) Chrome/66.0.3359.139 Safari/537.36"

2018-05-03T17:23:02.730Z - info: ::1 - - [03/May/2018:17:23:02 +0000] "POST /admin/product/create HTTP/1.1" - - "-" "Mozilla/5.0 (Windows NT 10.0; Win64; x64) AppleWebKit/537.36 (KHTML, like Gecko) Chrome/66.0.3359.139 Safari/537.36"

2018-05-03T17:23:50.368Z - error: 500 - Lock wait timeout exceeded; try restarting transaction -SequelizeDatabaseError: Lock wait timeout exceeded; try restarting transaction
    at Query.formatError (d:\Workspace\Nodejs\GIT\CameraApp\node_modules\sequelize\lib\dialects\mysql\query.js:247:16)
    at Query.handler [as onResult] (d:\Workspace\Nodejs\GIT\CameraApp\node_modules\sequelize\lib\dialects\mysql\query.js:68:23)
    at Query.Command.execute (d:\Workspace\Nodejs\GIT\CameraApp\node_modules\mysql2\lib\commands\command.js:30:12)
    at Connection.handlePacket (d:\Workspace\Nodejs\GIT\CameraApp\node_modules\mysql2\lib\connection.js:502:28)
    at PacketParser.onPacket (d:\Workspace\Nodejs\GIT\CameraApp\node_modules\mysql2\lib\connection.js:81:16)
    at PacketParser.executeStart (d:\Workspace\Nodejs\GIT\CameraApp\node_modules\mysql2\lib\packet_parser.js:77:14)
    at Socket.<anonymous> (d:\Workspace\Nodejs\GIT\CameraApp\node_modules\mysql2\lib\connection.js:89:29)
    at Socket.emit (events.js:127:13)
    at addChunk (_stream_readable.js:269:12)
    at readableAddChunk (_stream_readable.js:256:11)
    at Socket.Readable.push (_stream_readable.js:213:10)
    at TCP.onread (net.js:590:20)- /admin/product/create - POST - ::1
2018-05-03T17:24:12.759Z - info: ::1 - - [03/May/2018:17:24:12 +0000] "POST /admin/product/create HTTP/1.1" 200 244 "-" "Mozilla/5.0 (Windows NT 10.0; Win64; x64) AppleWebKit/537.36 (KHTML, like Gecko) Chrome/66.0.3359.139 Safari/537.36"

2018-05-03T17:24:46.280Z - error: 500 - Cannot add or update a child row: a foreign key constraint fails (`camera-app-db`.`product`, CONSTRAINT `product_ibfk_1` FOREIGN KEY (`type_id`) REFERENCES `type` (`id`) ON DELETE SET NULL ON UPDATE CASCADE) -SequelizeForeignKeyConstraintError: Cannot add or update a child row: a foreign key constraint fails (`camera-app-db`.`product`, CONSTRAINT `product_ibfk_1` FOREIGN KEY (`type_id`) REFERENCES `type` (`id`) ON DELETE SET NULL ON UPDATE CASCADE)
    at Query.formatError (d:\Workspace\Nodejs\GIT\CameraApp\node_modules\sequelize\lib\dialects\mysql\query.js:236:16)
    at Query.handler [as onResult] (d:\Workspace\Nodejs\GIT\CameraApp\node_modules\sequelize\lib\dialects\mysql\query.js:68:23)
    at Query.Command.execute (d:\Workspace\Nodejs\GIT\CameraApp\node_modules\mysql2\lib\commands\command.js:30:12)
    at Connection.handlePacket (d:\Workspace\Nodejs\GIT\CameraApp\node_modules\mysql2\lib\connection.js:502:28)
    at PacketParser.onPacket (d:\Workspace\Nodejs\GIT\CameraApp\node_modules\mysql2\lib\connection.js:81:16)
    at PacketParser.executeStart (d:\Workspace\Nodejs\GIT\CameraApp\node_modules\mysql2\lib\packet_parser.js:77:14)
    at Socket.<anonymous> (d:\Workspace\Nodejs\GIT\CameraApp\node_modules\mysql2\lib\connection.js:89:29)
    at Socket.emit (events.js:127:13)
    at addChunk (_stream_readable.js:269:12)
    at readableAddChunk (_stream_readable.js:256:11)
    at Socket.Readable.push (_stream_readable.js:213:10)
    at TCP.onread (net.js:590:20)- /admin/product/create - POST - ::1
2018-05-03T17:24:46.282Z - info: ::1 - - [03/May/2018:17:24:46 +0000] "POST /admin/product/create HTTP/1.1" 500 1018 "-" "Mozilla/5.0 (Windows NT 10.0; Win64; x64) AppleWebKit/537.36 (KHTML, like Gecko) Chrome/66.0.3359.139 Safari/537.36"

2018-05-03T17:25:12.112Z - error: 500 - Cannot add or update a child row: a foreign key constraint fails (`camera-app-db`.`product`, CONSTRAINT `product_ibfk_1` FOREIGN KEY (`type_id`) REFERENCES `type` (`id`) ON DELETE SET NULL ON UPDATE CASCADE) -SequelizeForeignKeyConstraintError: Cannot add or update a child row: a foreign key constraint fails (`camera-app-db`.`product`, CONSTRAINT `product_ibfk_1` FOREIGN KEY (`type_id`) REFERENCES `type` (`id`) ON DELETE SET NULL ON UPDATE CASCADE)
    at Query.formatError (d:\Workspace\Nodejs\GIT\CameraApp\node_modules\sequelize\lib\dialects\mysql\query.js:236:16)
    at Query.handler [as onResult] (d:\Workspace\Nodejs\GIT\CameraApp\node_modules\sequelize\lib\dialects\mysql\query.js:68:23)
    at Query.Command.execute (d:\Workspace\Nodejs\GIT\CameraApp\node_modules\mysql2\lib\commands\command.js:30:12)
    at Connection.handlePacket (d:\Workspace\Nodejs\GIT\CameraApp\node_modules\mysql2\lib\connection.js:502:28)
    at PacketParser.onPacket (d:\Workspace\Nodejs\GIT\CameraApp\node_modules\mysql2\lib\connection.js:81:16)
    at PacketParser.executeStart (d:\Workspace\Nodejs\GIT\CameraApp\node_modules\mysql2\lib\packet_parser.js:77:14)
    at Socket.<anonymous> (d:\Workspace\Nodejs\GIT\CameraApp\node_modules\mysql2\lib\connection.js:89:29)
    at Socket.emit (events.js:127:13)
    at addChunk (_stream_readable.js:269:12)
    at readableAddChunk (_stream_readable.js:256:11)
    at Socket.Readable.push (_stream_readable.js:213:10)
    at TCP.onread (net.js:590:20)- /admin/product/create - POST - ::1
2018-05-03T17:25:12.113Z - info: ::1 - - [03/May/2018:17:25:12 +0000] "POST /admin/product/create HTTP/1.1" 500 1018 "-" "Mozilla/5.0 (Windows NT 10.0; Win64; x64) AppleWebKit/537.36 (KHTML, like Gecko) Chrome/66.0.3359.139 Safari/537.36"

2018-05-03T17:28:42.209Z - info: ::1 - - [03/May/2018:17:28:42 +0000] "POST /admin/product/create HTTP/1.1" 200 244 "-" "Mozilla/5.0 (Windows NT 10.0; Win64; x64) AppleWebKit/537.36 (KHTML, like Gecko) Chrome/66.0.3359.139 Safari/537.36"

2018-05-03T17:30:38.756Z - info: ::1 - - [03/May/2018:17:30:38 +0000] "POST /admin/product/create HTTP/1.1" 200 244 "-" "Mozilla/5.0 (Windows NT 10.0; Win64; x64) AppleWebKit/537.36 (KHTML, like Gecko) Chrome/66.0.3359.139 Safari/537.36"

2018-05-03T17:35:05.956Z - info: ::1 - - [03/May/2018:17:35:05 +0000] "POST /admin/product/create HTTP/1.1" 200 247 "-" "Mozilla/5.0 (Windows NT 10.0; Win64; x64) AppleWebKit/537.36 (KHTML, like Gecko) Chrome/66.0.3359.139 Safari/537.36"

2018-05-03T17:35:37.101Z - info: ::1 - - [03/May/2018:17:35:37 +0000] "POST /admin/product/create HTTP/1.1" 200 244 "-" "Mozilla/5.0 (Windows NT 10.0; Win64; x64) AppleWebKit/537.36 (KHTML, like Gecko) Chrome/66.0.3359.139 Safari/537.36"

