2018-05-24T14:18:47.790Z - error: 404 - Not Found -Error: Not Found
    at D:\Workspace\Nodejs\GIT\CameraApp\app.js:57:13
    at Layer.handle [as handle_request] (D:\Workspace\Nodejs\GIT\CameraApp\node_modules\express\lib\router\layer.js:95:5)
    at trim_prefix (D:\Workspace\Nodejs\GIT\CameraApp\node_modules\express\lib\router\index.js:317:13)
    at D:\Workspace\Nodejs\GIT\CameraApp\node_modules\express\lib\router\index.js:284:7
    at Function.process_params (D:\Workspace\Nodejs\GIT\CameraApp\node_modules\express\lib\router\index.js:335:12)
    at next (D:\Workspace\Nodejs\GIT\CameraApp\node_modules\express\lib\router\index.js:275:10)
    at D:\Workspace\Nodejs\GIT\CameraApp\node_modules\express\lib\router\index.js:635:15
    at next (D:\Workspace\Nodejs\GIT\CameraApp\node_modules\express\lib\router\index.js:260:14)
    at Function.handle (D:\Workspace\Nodejs\GIT\CameraApp\node_modules\express\lib\router\index.js:174:3)
    at router (D:\Workspace\Nodejs\GIT\CameraApp\node_modules\express\lib\router\index.js:47:12)
    at Layer.handle [as handle_request] (D:\Workspace\Nodejs\GIT\CameraApp\node_modules\express\lib\router\layer.js:95:5)
    at trim_prefix (D:\Workspace\Nodejs\GIT\CameraApp\node_modules\express\lib\router\index.js:317:13)
    at D:\Workspace\Nodejs\GIT\CameraApp\node_modules\express\lib\router\index.js:284:7
    at Function.process_params (D:\Workspace\Nodejs\GIT\CameraApp\node_modules\express\lib\router\index.js:335:12)
    at next (D:\Workspace\Nodejs\GIT\CameraApp\node_modules\express\lib\router\index.js:275:10)
    at D:\Workspace\Nodejs\GIT\CameraApp\node_modules\express\lib\router\index.js:635:15
    at next (D:\Workspace\Nodejs\GIT\CameraApp\node_modules\express\lib\router\index.js:260:14)
    at Function.handle (D:\Workspace\Nodejs\GIT\CameraApp\node_modules\express\lib\router\index.js:174:3)
    at router (D:\Workspace\Nodejs\GIT\CameraApp\node_modules\express\lib\router\index.js:47:12)
    at Layer.handle [as handle_request] (D:\Workspace\Nodejs\GIT\CameraApp\node_modules\express\lib\router\layer.js:95:5)
    at trim_prefix (D:\Workspace\Nodejs\GIT\CameraApp\node_modules\express\lib\router\index.js:317:13)
    at D:\Workspace\Nodejs\GIT\CameraApp\node_modules\express\lib\router\index.js:284:7- /camera - GET - ::1
2018-05-24T14:18:47.800Z - info: ::1 - - [24/May/2018:14:18:47 +0000] "GET /camera HTTP/1.1" 404 24 "-" "Mozilla/5.0 (Windows NT 10.0; Win64; x64) AppleWebKit/537.36 (KHTML, like Gecko) Chrome/66.0.3359.181 Safari/537.36"

2018-05-24T14:19:05.167Z - info: ::1 - - [24/May/2018:14:19:05 +0000] "GET /camera.html HTTP/1.1" 200 677 "-" "Mozilla/5.0 (Windows NT 10.0; Win64; x64) AppleWebKit/537.36 (KHTML, like Gecko) Chrome/66.0.3359.181 Safari/537.36"

2018-05-24T14:19:05.182Z - info: ::1 - - [24/May/2018:14:19:05 +0000] "GET /styles.1b485c984366b5499da2.bundle.css HTTP/1.1" 304 - "http://localhost:8080/camera.html" "Mozilla/5.0 (Windows NT 10.0; Win64; x64) AppleWebKit/537.36 (KHTML, like Gecko) Chrome/66.0.3359.181 Safari/537.36"

2018-05-24T14:19:05.185Z - info: ::1 - - [24/May/2018:14:19:05 +0000] "GET /inline.318b50c57b4eba3d437b.bundle.js HTTP/1.1" 304 - "http://localhost:8080/camera.html" "Mozilla/5.0 (Windows NT 10.0; Win64; x64) AppleWebKit/537.36 (KHTML, like Gecko) Chrome/66.0.3359.181 Safari/537.36"

2018-05-24T14:19:05.188Z - info: ::1 - - [24/May/2018:14:19:05 +0000] "GET /polyfills.9e2eb304be641132ecfe.bundle.js HTTP/1.1" 304 - "http://localhost:8080/camera.html" "Mozilla/5.0 (Windows NT 10.0; Win64; x64) AppleWebKit/537.36 (KHTML, like Gecko) Chrome/66.0.3359.181 Safari/537.36"

2018-05-24T14:19:05.190Z - info: ::1 - - [24/May/2018:14:19:05 +0000] "GET /scripts.e2cc764d74d6cb8d1c42.bundle.js HTTP/1.1" 304 - "http://localhost:8080/camera.html" "Mozilla/5.0 (Windows NT 10.0; Win64; x64) AppleWebKit/537.36 (KHTML, like Gecko) Chrome/66.0.3359.181 Safari/537.36"

2018-05-24T14:19:05.191Z - info: ::1 - - [24/May/2018:14:19:05 +0000] "GET /main.a0f1bb6d12daa7df93cb.bundle.js HTTP/1.1" 304 - "http://localhost:8080/camera.html" "Mozilla/5.0 (Windows NT 10.0; Win64; x64) AppleWebKit/537.36 (KHTML, like Gecko) Chrome/66.0.3359.181 Safari/537.36"

2018-05-24T14:19:06.827Z - info: ::1 - - [24/May/2018:14:19:06 +0000] "GET /assets/video-camera.png HTTP/1.1" 200 1240 "http://localhost:8080/camera/all" "Mozilla/5.0 (Windows NT 10.0; Win64; x64) AppleWebKit/537.36 (KHTML, like Gecko) Chrome/66.0.3359.181 Safari/537.36"

2018-05-24T14:19:15.311Z - info: ::1 - - [24/May/2018:14:19:15 +0000] "GET /camera.html HTTP/1.1" 304 - "-" "Mozilla/5.0 (Windows NT 10.0; Win64; x64) AppleWebKit/537.36 (KHTML, like Gecko) Chrome/66.0.3359.181 Safari/537.36"

2018-05-24T14:19:15.411Z - info: ::1 - - [24/May/2018:14:19:15 +0000] "GET /styles.1b485c984366b5499da2.bundle.css HTTP/1.1" 304 - "http://localhost:8080/camera.html" "Mozilla/5.0 (Windows NT 10.0; Win64; x64) AppleWebKit/537.36 (KHTML, like Gecko) Chrome/66.0.3359.181 Safari/537.36"

2018-05-24T14:19:15.415Z - info: ::1 - - [24/May/2018:14:19:15 +0000] "GET /inline.318b50c57b4eba3d437b.bundle.js HTTP/1.1" 304 - "http://localhost:8080/camera.html" "Mozilla/5.0 (Windows NT 10.0; Win64; x64) AppleWebKit/537.36 (KHTML, like Gecko) Chrome/66.0.3359.181 Safari/537.36"

2018-05-24T14:19:15.417Z - info: ::1 - - [24/May/2018:14:19:15 +0000] "GET /polyfills.9e2eb304be641132ecfe.bundle.js HTTP/1.1" 304 - "http://localhost:8080/camera.html" "Mozilla/5.0 (Windows NT 10.0; Win64; x64) AppleWebKit/537.36 (KHTML, like Gecko) Chrome/66.0.3359.181 Safari/537.36"

2018-05-24T14:19:15.421Z - info: ::1 - - [24/May/2018:14:19:15 +0000] "GET /scripts.e2cc764d74d6cb8d1c42.bundle.js HTTP/1.1" 304 - "http://localhost:8080/camera.html" "Mozilla/5.0 (Windows NT 10.0; Win64; x64) AppleWebKit/537.36 (KHTML, like Gecko) Chrome/66.0.3359.181 Safari/537.36"

2018-05-24T14:19:15.425Z - info: ::1 - - [24/May/2018:14:19:15 +0000] "GET /main.a0f1bb6d12daa7df93cb.bundle.js HTTP/1.1" 304 - "http://localhost:8080/camera.html" "Mozilla/5.0 (Windows NT 10.0; Win64; x64) AppleWebKit/537.36 (KHTML, like Gecko) Chrome/66.0.3359.181 Safari/537.36"

2018-05-24T14:26:33.317Z - info: ::1 - - [24/May/2018:14:26:33 +0000] "GET /camera.html HTTP/1.1" 304 - "-" "Mozilla/5.0 (Windows NT 10.0; Win64; x64) AppleWebKit/537.36 (KHTML, like Gecko) Chrome/66.0.3359.181 Safari/537.36"

2018-05-24T14:26:33.429Z - info: ::1 - - [24/May/2018:14:26:33 +0000] "GET /styles.1b485c984366b5499da2.bundle.css HTTP/1.1" 304 - "http://localhost:8080/camera.html" "Mozilla/5.0 (Windows NT 10.0; Win64; x64) AppleWebKit/537.36 (KHTML, like Gecko) Chrome/66.0.3359.181 Safari/537.36"

2018-05-24T14:26:33.433Z - info: ::1 - - [24/May/2018:14:26:33 +0000] "GET /inline.318b50c57b4eba3d437b.bundle.js HTTP/1.1" 304 - "http://localhost:8080/camera.html" "Mozilla/5.0 (Windows NT 10.0; Win64; x64) AppleWebKit/537.36 (KHTML, like Gecko) Chrome/66.0.3359.181 Safari/537.36"

2018-05-24T14:26:33.436Z - info: ::1 - - [24/May/2018:14:26:33 +0000] "GET /polyfills.9e2eb304be641132ecfe.bundle.js HTTP/1.1" 304 - "http://localhost:8080/camera.html" "Mozilla/5.0 (Windows NT 10.0; Win64; x64) AppleWebKit/537.36 (KHTML, like Gecko) Chrome/66.0.3359.181 Safari/537.36"

2018-05-24T14:26:33.439Z - info: ::1 - - [24/May/2018:14:26:33 +0000] "GET /scripts.e2cc764d74d6cb8d1c42.bundle.js HTTP/1.1" 304 - "http://localhost:8080/camera.html" "Mozilla/5.0 (Windows NT 10.0; Win64; x64) AppleWebKit/537.36 (KHTML, like Gecko) Chrome/66.0.3359.181 Safari/537.36"

2018-05-24T14:26:33.447Z - info: ::1 - - [24/May/2018:14:26:33 +0000] "GET /main.a0f1bb6d12daa7df93cb.bundle.js HTTP/1.1" 304 - "http://localhost:8080/camera.html" "Mozilla/5.0 (Windows NT 10.0; Win64; x64) AppleWebKit/537.36 (KHTML, like Gecko) Chrome/66.0.3359.181 Safari/537.36"

