2018-05-06T07:37:20.764Z - info: ::1 - - [06/May/2018:07:37:20 +0000] "POST /admin/type/create HTTP/1.1" 200 67 "http://localhost:8080/api-doc/" "Mozilla/5.0 (Windows NT 10.0; Win64; x64) AppleWebKit/537.36 (KHTML, like Gecko) Chrome/66.0.3359.139 Safari/537.36"

2018-05-06T07:38:12.784Z - info: ::1 - - [06/May/2018:07:38:12 +0000] "POST /file/upload HTTP/1.1" 200 338 "-" "Mozilla/5.0 (Windows NT 10.0; Win64; x64) AppleWebKit/537.36 (KHTML, like Gecko) Chrome/66.0.3359.139 Safari/537.36"

2018-05-06T07:41:19.442Z - error: 400 - Type 1 is existed -Type-CONTROLLER: Type 1 is existed
    at typeService.findByName.then.result (D:\Workspace\Nodejs\GIT\CameraApp\api\controllers\product\admin\type-manager.controller.js:22:29)
    at tryCatcher (D:\Workspace\Nodejs\GIT\CameraApp\node_modules\bluebird\js\release\util.js:16:23)
    at Promise._settlePromiseFromHandler (D:\Workspace\Nodejs\GIT\CameraApp\node_modules\bluebird\js\release\promise.js:512:31)
    at Promise._settlePromise (D:\Workspace\Nodejs\GIT\CameraApp\node_modules\bluebird\js\release\promise.js:569:18)
    at Promise._settlePromise0 (D:\Workspace\Nodejs\GIT\CameraApp\node_modules\bluebird\js\release\promise.js:614:10)
    at Promise._settlePromises (D:\Workspace\Nodejs\GIT\CameraApp\node_modules\bluebird\js\release\promise.js:693:18)
    at Async._drainQueue (D:\Workspace\Nodejs\GIT\CameraApp\node_modules\bluebird\js\release\async.js:133:16)
    at Async._drainQueues (D:\Workspace\Nodejs\GIT\CameraApp\node_modules\bluebird\js\release\async.js:143:10)
    at Immediate.Async.drainQueues [as _onImmediate] (D:\Workspace\Nodejs\GIT\CameraApp\node_modules\bluebird\js\release\async.js:17:14)
    at runCallback (timers.js:757:18)
    at tryOnImmediate (timers.js:718:5)
    at processImmediate [as _immediateCallback] (timers.js:698:5)- /admin/type/create - POST - ::1
2018-05-06T07:41:19.448Z - info: ::1 - - [06/May/2018:07:41:19 +0000] "POST /admin/type/create HTTP/1.1" 400 44 "http://localhost:8080/api-doc/" "Mozilla/5.0 (Windows NT 10.0; Win64; x64) AppleWebKit/537.36 (KHTML, like Gecko) Chrome/66.0.3359.139 Safari/537.36"

2018-05-06T07:43:29.706Z - info: ::1 - - [06/May/2018:07:43:29 +0000] "POST /admin/product/create HTTP/1.1" 200 243 "http://localhost:8080/api-doc/" "Mozilla/5.0 (Windows NT 10.0; Win64; x64) AppleWebKit/537.36 (KHTML, like Gecko) Chrome/66.0.3359.139 Safari/537.36"

2018-05-06T07:43:33.090Z - error: 400 - Product 1 is existed -PRODUCT-CONTROLLER: Product 1 is existed
    at productService.findByName.then.result (D:\Workspace\Nodejs\GIT\CameraApp\api\controllers\product\admin\product-manager.controller.js:24:21)
    at tryCatcher (D:\Workspace\Nodejs\GIT\CameraApp\node_modules\bluebird\js\release\util.js:16:23)
    at Promise._settlePromiseFromHandler (D:\Workspace\Nodejs\GIT\CameraApp\node_modules\bluebird\js\release\promise.js:512:31)
    at Promise._settlePromise (D:\Workspace\Nodejs\GIT\CameraApp\node_modules\bluebird\js\release\promise.js:569:18)
    at Promise._settlePromise0 (D:\Workspace\Nodejs\GIT\CameraApp\node_modules\bluebird\js\release\promise.js:614:10)
    at Promise._settlePromises (D:\Workspace\Nodejs\GIT\CameraApp\node_modules\bluebird\js\release\promise.js:693:18)
    at Async._drainQueue (D:\Workspace\Nodejs\GIT\CameraApp\node_modules\bluebird\js\release\async.js:133:16)
    at Async._drainQueues (D:\Workspace\Nodejs\GIT\CameraApp\node_modules\bluebird\js\release\async.js:143:10)
    at Immediate.Async.drainQueues [as _onImmediate] (D:\Workspace\Nodejs\GIT\CameraApp\node_modules\bluebird\js\release\async.js:17:14)
    at runCallback (timers.js:757:18)
    at tryOnImmediate (timers.js:718:5)
    at processImmediate [as _immediateCallback] (timers.js:698:5)- /admin/product/create - POST - ::1
2018-05-06T07:43:33.093Z - info: ::1 - - [06/May/2018:07:43:33 +0000] "POST /admin/product/create HTTP/1.1" 400 47 "http://localhost:8080/api-doc/" "Mozilla/5.0 (Windows NT 10.0; Win64; x64) AppleWebKit/537.36 (KHTML, like Gecko) Chrome/66.0.3359.139 Safari/537.36"

2018-05-06T07:44:20.917Z - error: 400 - Product 1 is existed -PRODUCT-CONTROLLER: Product 1 is existed
    at productService.findByName.then.result (D:\Workspace\Nodejs\GIT\CameraApp\api\controllers\product\admin\product-manager.controller.js:48:21)
    at tryCatcher (D:\Workspace\Nodejs\GIT\CameraApp\node_modules\bluebird\js\release\util.js:16:23)
    at Promise._settlePromiseFromHandler (D:\Workspace\Nodejs\GIT\CameraApp\node_modules\bluebird\js\release\promise.js:512:31)
    at Promise._settlePromise (D:\Workspace\Nodejs\GIT\CameraApp\node_modules\bluebird\js\release\promise.js:569:18)
    at Promise._settlePromise0 (D:\Workspace\Nodejs\GIT\CameraApp\node_modules\bluebird\js\release\promise.js:614:10)
    at Promise._settlePromises (D:\Workspace\Nodejs\GIT\CameraApp\node_modules\bluebird\js\release\promise.js:693:18)
    at Async._drainQueue (D:\Workspace\Nodejs\GIT\CameraApp\node_modules\bluebird\js\release\async.js:133:16)
    at Async._drainQueues (D:\Workspace\Nodejs\GIT\CameraApp\node_modules\bluebird\js\release\async.js:143:10)
    at Immediate.Async.drainQueues [as _onImmediate] (D:\Workspace\Nodejs\GIT\CameraApp\node_modules\bluebird\js\release\async.js:17:14)
    at runCallback (timers.js:757:18)
    at tryOnImmediate (timers.js:718:5)
    at processImmediate [as _immediateCallback] (timers.js:698:5)- /admin/product/update - PUT - ::1
2018-05-06T07:44:20.918Z - info: ::1 - - [06/May/2018:07:44:20 +0000] "PUT /admin/product/update HTTP/1.1" 400 47 "http://localhost:8080/api-doc/" "Mozilla/5.0 (Windows NT 10.0; Win64; x64) AppleWebKit/537.36 (KHTML, like Gecko) Chrome/66.0.3359.139 Safari/537.36"

2018-05-06T07:45:16.757Z - error: 400 - Product 1 is existed -PRODUCT-CONTROLLER: Product 1 is existed
    at productService.findByName.then.result (D:\Workspace\Nodejs\GIT\CameraApp\api\controllers\product\admin\product-manager.controller.js:48:21)
    at tryCatcher (D:\Workspace\Nodejs\GIT\CameraApp\node_modules\bluebird\js\release\util.js:16:23)
    at Promise._settlePromiseFromHandler (D:\Workspace\Nodejs\GIT\CameraApp\node_modules\bluebird\js\release\promise.js:512:31)
    at Promise._settlePromise (D:\Workspace\Nodejs\GIT\CameraApp\node_modules\bluebird\js\release\promise.js:569:18)
    at Promise._settlePromise0 (D:\Workspace\Nodejs\GIT\CameraApp\node_modules\bluebird\js\release\promise.js:614:10)
    at Promise._settlePromises (D:\Workspace\Nodejs\GIT\CameraApp\node_modules\bluebird\js\release\promise.js:693:18)
    at Async._drainQueue (D:\Workspace\Nodejs\GIT\CameraApp\node_modules\bluebird\js\release\async.js:133:16)
    at Async._drainQueues (D:\Workspace\Nodejs\GIT\CameraApp\node_modules\bluebird\js\release\async.js:143:10)
    at Immediate.Async.drainQueues [as _onImmediate] (D:\Workspace\Nodejs\GIT\CameraApp\node_modules\bluebird\js\release\async.js:17:14)
    at runCallback (timers.js:757:18)
    at tryOnImmediate (timers.js:718:5)
    at processImmediate [as _immediateCallback] (timers.js:698:5)- /admin/product/update - PUT - ::1
2018-05-06T07:45:16.765Z - info: ::1 - - [06/May/2018:07:45:16 +0000] "PUT /admin/product/update HTTP/1.1" 400 47 "http://localhost:8080/api-doc/" "Mozilla/5.0 (Windows NT 10.0; Win64; x64) AppleWebKit/537.36 (KHTML, like Gecko) Chrome/66.0.3359.139 Safari/537.36"

2018-05-06T07:45:43.774Z - error: 400 - Product 1 is existed -PRODUCT-CONTROLLER: Product 1 is existed
    at productService.findByName.then.result (D:\Workspace\Nodejs\GIT\CameraApp\api\controllers\product\admin\product-manager.controller.js:49:21)
    at tryCatcher (D:\Workspace\Nodejs\GIT\CameraApp\node_modules\bluebird\js\release\util.js:16:23)
    at Promise._settlePromiseFromHandler (D:\Workspace\Nodejs\GIT\CameraApp\node_modules\bluebird\js\release\promise.js:512:31)
    at Promise._settlePromise (D:\Workspace\Nodejs\GIT\CameraApp\node_modules\bluebird\js\release\promise.js:569:18)
    at Promise._settlePromise0 (D:\Workspace\Nodejs\GIT\CameraApp\node_modules\bluebird\js\release\promise.js:614:10)
    at Promise._settlePromises (D:\Workspace\Nodejs\GIT\CameraApp\node_modules\bluebird\js\release\promise.js:693:18)
    at Async._drainQueue (D:\Workspace\Nodejs\GIT\CameraApp\node_modules\bluebird\js\release\async.js:133:16)
    at Async._drainQueues (D:\Workspace\Nodejs\GIT\CameraApp\node_modules\bluebird\js\release\async.js:143:10)
    at Immediate.Async.drainQueues [as _onImmediate] (D:\Workspace\Nodejs\GIT\CameraApp\node_modules\bluebird\js\release\async.js:17:14)
    at runCallback (timers.js:757:18)
    at tryOnImmediate (timers.js:718:5)
    at processImmediate [as _immediateCallback] (timers.js:698:5)- /admin/product/update - PUT - ::1
2018-05-06T07:45:43.781Z - info: ::1 - - [06/May/2018:07:45:43 +0000] "PUT /admin/product/update HTTP/1.1" 400 47 "http://localhost:8080/api-doc/" "Mozilla/5.0 (Windows NT 10.0; Win64; x64) AppleWebKit/537.36 (KHTML, like Gecko) Chrome/66.0.3359.139 Safari/537.36"

2018-05-06T07:50:49.482Z - error: 400 - id must have -PRODUCT-CONTROLLER: id must have
    at updateProduct (D:\Workspace\Nodejs\GIT\CameraApp\api\controllers\product\admin\product-manager.controller.js:47:19)
    at Layer.handle [as handle_request] (D:\Workspace\Nodejs\GIT\CameraApp\node_modules\express\lib\router\layer.js:95:5)
    at next (D:\Workspace\Nodejs\GIT\CameraApp\node_modules\express\lib\router\route.js:137:13)
    at D:\Workspace\Nodejs\GIT\CameraApp\node_modules\express-validation\lib\index.js:45:47
    at Layer.handle [as handle_request] (D:\Workspace\Nodejs\GIT\CameraApp\node_modules\express\lib\router\layer.js:95:5)
    at next (D:\Workspace\Nodejs\GIT\CameraApp\node_modules\express\lib\router\route.js:137:13)
    at Route.dispatch (D:\Workspace\Nodejs\GIT\CameraApp\node_modules\express\lib\router\route.js:112:3)
    at Layer.handle [as handle_request] (D:\Workspace\Nodejs\GIT\CameraApp\node_modules\express\lib\router\layer.js:95:5)
    at D:\Workspace\Nodejs\GIT\CameraApp\node_modules\express\lib\router\index.js:281:22
    at Function.process_params (D:\Workspace\Nodejs\GIT\CameraApp\node_modules\express\lib\router\index.js:335:12)
    at next (D:\Workspace\Nodejs\GIT\CameraApp\node_modules\express\lib\router\index.js:275:10)
    at Function.handle (D:\Workspace\Nodejs\GIT\CameraApp\node_modules\express\lib\router\index.js:174:3)
    at router (D:\Workspace\Nodejs\GIT\CameraApp\node_modules\express\lib\router\index.js:47:12)
    at Layer.handle [as handle_request] (D:\Workspace\Nodejs\GIT\CameraApp\node_modules\express\lib\router\layer.js:95:5)
    at trim_prefix (D:\Workspace\Nodejs\GIT\CameraApp\node_modules\express\lib\router\index.js:317:13)
    at D:\Workspace\Nodejs\GIT\CameraApp\node_modules\express\lib\router\index.js:284:7
    at Function.process_params (D:\Workspace\Nodejs\GIT\CameraApp\node_modules\express\lib\router\index.js:335:12)
    at next (D:\Workspace\Nodejs\GIT\CameraApp\node_modules\express\lib\router\index.js:275:10)
    at D:\Workspace\Nodejs\GIT\CameraApp\node_modules\express\lib\router\index.js:635:15
    at next (D:\Workspace\Nodejs\GIT\CameraApp\node_modules\express\lib\router\index.js:260:14)
    at Function.handle (D:\Workspace\Nodejs\GIT\CameraApp\node_modules\express\lib\router\index.js:174:3)
    at router (D:\Workspace\Nodejs\GIT\CameraApp\node_modules\express\lib\router\index.js:47:12)- /admin/product/update - PUT - ::1
2018-05-06T07:50:49.491Z - info: ::1 - - [06/May/2018:07:50:49 +0000] "PUT /admin/product/update HTTP/1.1" 400 39 "http://localhost:8080/api-doc/" "Mozilla/5.0 (Windows NT 10.0; Win64; x64) AppleWebKit/537.36 (KHTML, like Gecko) Chrome/66.0.3359.139 Safari/537.36"

2018-05-06T07:51:21.544Z - error: 400 - id of product must have -PRODUCT-CONTROLLER: id of product must have
    at updateProduct (D:\Workspace\Nodejs\GIT\CameraApp\api\controllers\product\admin\product-manager.controller.js:47:19)
    at Layer.handle [as handle_request] (D:\Workspace\Nodejs\GIT\CameraApp\node_modules\express\lib\router\layer.js:95:5)
    at next (D:\Workspace\Nodejs\GIT\CameraApp\node_modules\express\lib\router\route.js:137:13)
    at D:\Workspace\Nodejs\GIT\CameraApp\node_modules\express-validation\lib\index.js:45:47
    at Layer.handle [as handle_request] (D:\Workspace\Nodejs\GIT\CameraApp\node_modules\express\lib\router\layer.js:95:5)
    at next (D:\Workspace\Nodejs\GIT\CameraApp\node_modules\express\lib\router\route.js:137:13)
    at Route.dispatch (D:\Workspace\Nodejs\GIT\CameraApp\node_modules\express\lib\router\route.js:112:3)
    at Layer.handle [as handle_request] (D:\Workspace\Nodejs\GIT\CameraApp\node_modules\express\lib\router\layer.js:95:5)
    at D:\Workspace\Nodejs\GIT\CameraApp\node_modules\express\lib\router\index.js:281:22
    at Function.process_params (D:\Workspace\Nodejs\GIT\CameraApp\node_modules\express\lib\router\index.js:335:12)
    at next (D:\Workspace\Nodejs\GIT\CameraApp\node_modules\express\lib\router\index.js:275:10)
    at Function.handle (D:\Workspace\Nodejs\GIT\CameraApp\node_modules\express\lib\router\index.js:174:3)
    at router (D:\Workspace\Nodejs\GIT\CameraApp\node_modules\express\lib\router\index.js:47:12)
    at Layer.handle [as handle_request] (D:\Workspace\Nodejs\GIT\CameraApp\node_modules\express\lib\router\layer.js:95:5)
    at trim_prefix (D:\Workspace\Nodejs\GIT\CameraApp\node_modules\express\lib\router\index.js:317:13)
    at D:\Workspace\Nodejs\GIT\CameraApp\node_modules\express\lib\router\index.js:284:7
    at Function.process_params (D:\Workspace\Nodejs\GIT\CameraApp\node_modules\express\lib\router\index.js:335:12)
    at next (D:\Workspace\Nodejs\GIT\CameraApp\node_modules\express\lib\router\index.js:275:10)
    at D:\Workspace\Nodejs\GIT\CameraApp\node_modules\express\lib\router\index.js:635:15
    at next (D:\Workspace\Nodejs\GIT\CameraApp\node_modules\express\lib\router\index.js:260:14)
    at Function.handle (D:\Workspace\Nodejs\GIT\CameraApp\node_modules\express\lib\router\index.js:174:3)
    at router (D:\Workspace\Nodejs\GIT\CameraApp\node_modules\express\lib\router\index.js:47:12)- /admin/product/update - PUT - ::1
2018-05-06T07:51:21.551Z - info: ::1 - - [06/May/2018:07:51:21 +0000] "PUT /admin/product/update HTTP/1.1" 400 50 "http://localhost:8080/api-doc/" "Mozilla/5.0 (Windows NT 10.0; Win64; x64) AppleWebKit/537.36 (KHTML, like Gecko) Chrome/66.0.3359.139 Safari/537.36"

2018-05-06T07:51:33.618Z - info: ::1 - - [06/May/2018:07:51:33 +0000] "PUT /admin/product/update HTTP/1.1" 200 243 "http://localhost:8080/api-doc/" "Mozilla/5.0 (Windows NT 10.0; Win64; x64) AppleWebKit/537.36 (KHTML, like Gecko) Chrome/66.0.3359.139 Safari/537.36"

2018-05-06T07:54:46.715Z - info: ::1 - - [06/May/2018:07:54:46 +0000] "PUT /admin/product/update HTTP/1.1" 200 245 "http://localhost:8080/api-doc/" "Mozilla/5.0 (Windows NT 10.0; Win64; x64) AppleWebKit/537.36 (KHTML, like Gecko) Chrome/66.0.3359.139 Safari/537.36"

2018-05-06T07:55:04.666Z - error: 400 - Unexpected string in JSON at position 109 -SyntaxError: Unexpected string in JSON at position 109
    at JSON.parse (<anonymous>)
    at parse (D:\Workspace\Nodejs\GIT\CameraApp\node_modules\body-parser\lib\types\json.js:89:19)
    at D:\Workspace\Nodejs\GIT\CameraApp\node_modules\body-parser\lib\read.js:121:18
    at invokeCallback (D:\Workspace\Nodejs\GIT\CameraApp\node_modules\raw-body\index.js:224:16)
    at done (D:\Workspace\Nodejs\GIT\CameraApp\node_modules\raw-body\index.js:213:7)
    at IncomingMessage.onEnd (D:\Workspace\Nodejs\GIT\CameraApp\node_modules\raw-body\index.js:273:7)
    at IncomingMessage.emit (events.js:127:13)
    at endReadableNT (_stream_readable.js:1101:12)
    at process._tickCallback (internal/process/next_tick.js:152:19)- /admin/product/update - PUT - ::1
2018-05-06T07:55:04.668Z - info: ::1 - - [06/May/2018:07:55:04 +0000] "PUT /admin/product/update HTTP/1.1" 400 725 "http://localhost:8080/api-doc/" "Mozilla/5.0 (Windows NT 10.0; Win64; x64) AppleWebKit/537.36 (KHTML, like Gecko) Chrome/66.0.3359.139 Safari/537.36"

2018-05-06T07:55:22.177Z - info: ::1 - - [06/May/2018:07:55:22 +0000] "PUT /admin/product/update HTTP/1.1" 200 222 "http://localhost:8080/api-doc/" "Mozilla/5.0 (Windows NT 10.0; Win64; x64) AppleWebKit/537.36 (KHTML, like Gecko) Chrome/66.0.3359.139 Safari/537.36"

2018-05-06T08:08:37.030Z - error: 400 - validation error -undefined- /product/detail - GET - ::1
2018-05-06T08:08:37.034Z - info: ::1 - - [06/May/2018:08:08:37 +0000] "GET /product/detail HTTP/1.1" 400 54 "http://localhost:8080/api-doc/" "Mozilla/5.0 (Windows NT 10.0; Win64; x64) AppleWebKit/537.36 (KHTML, like Gecko) Chrome/66.0.3359.139 Safari/537.36"

2018-05-06T08:09:38.765Z - info: ::1 - - [06/May/2018:08:09:38 +0000] "GET /product/detail?productId=1 HTTP/1.1" 200 548 "http://localhost:8080/api-doc/" "Mozilla/5.0 (Windows NT 10.0; Win64; x64) AppleWebKit/537.36 (KHTML, like Gecko) Chrome/66.0.3359.139 Safari/537.36"

2018-05-06T08:09:59.242Z - info: ::1 - - [06/May/2018:08:09:59 +0000] "GET /product/detail?productId=1 HTTP/1.1" 200 660 "http://localhost:8080/api-doc/" "Mozilla/5.0 (Windows NT 10.0; Win64; x64) AppleWebKit/537.36 (KHTML, like Gecko) Chrome/66.0.3359.139 Safari/537.36"

2018-05-06T08:40:00.395Z - error: 500 - res.status(...).res is not a function -TypeError: res.status(...).res is not a function
    at cameraService.create.then.result (D:\Workspace\Nodejs\GIT\CameraApp\api\controllers\camera\admin\camera.controller.js:39:27)
    at tryCatcher (D:\Workspace\Nodejs\GIT\CameraApp\node_modules\bluebird\js\release\util.js:16:23)
    at Promise._settlePromiseFromHandler (D:\Workspace\Nodejs\GIT\CameraApp\node_modules\bluebird\js\release\promise.js:512:31)
    at Promise._settlePromise (D:\Workspace\Nodejs\GIT\CameraApp\node_modules\bluebird\js\release\promise.js:569:18)
    at Promise._settlePromise0 (D:\Workspace\Nodejs\GIT\CameraApp\node_modules\bluebird\js\release\promise.js:614:10)
    at Promise._settlePromises (D:\Workspace\Nodejs\GIT\CameraApp\node_modules\bluebird\js\release\promise.js:693:18)
    at Async._drainQueue (D:\Workspace\Nodejs\GIT\CameraApp\node_modules\bluebird\js\release\async.js:133:16)
    at Async._drainQueues (D:\Workspace\Nodejs\GIT\CameraApp\node_modules\bluebird\js\release\async.js:143:10)
    at Immediate.Async.drainQueues [as _onImmediate] (D:\Workspace\Nodejs\GIT\CameraApp\node_modules\bluebird\js\release\async.js:17:14)
    at runCallback (timers.js:757:18)
    at tryOnImmediate (timers.js:718:5)
    at processImmediate [as _immediateCallback] (timers.js:698:5)- /admin/camera/create - POST - ::1
2018-05-06T08:40:00.404Z - info: ::1 - - [06/May/2018:08:40:00 +0000] "POST /admin/camera/create HTTP/1.1" 500 12 "http://localhost:8080/api-doc/" "Mozilla/5.0 (Windows NT 10.0; Win64; x64) AppleWebKit/537.36 (KHTML, like Gecko) Chrome/66.0.3359.139 Safari/537.36"

2018-05-06T08:40:26.241Z - error: 400 - string and string are existed -CAMERA_CONTROLLER: string and string are existed
    at Promise.all.then.value (D:\Workspace\Nodejs\GIT\CameraApp\api\controllers\camera\admin\camera.controller.js:20:21)
    at <anonymous>
    at process._tickCallback (internal/process/next_tick.js:160:7)- /admin/camera/create - POST - ::1
2018-05-06T08:40:26.251Z - info: ::1 - - [06/May/2018:08:40:26 +0000] "POST /admin/camera/create HTTP/1.1" 400 56 "http://localhost:8080/api-doc/" "Mozilla/5.0 (Windows NT 10.0; Win64; x64) AppleWebKit/537.36 (KHTML, like Gecko) Chrome/66.0.3359.139 Safari/537.36"

2018-05-06T08:52:16.864Z - info: ::1 - - [06/May/2018:08:52:16 +0000] "POST /admin/camera/create HTTP/1.1" 200 167 "http://localhost:8080/api-doc/" "Mozilla/5.0 (Windows NT 10.0; Win64; x64) AppleWebKit/537.36 (KHTML, like Gecko) Chrome/66.0.3359.139 Safari/537.36"

2018-05-06T08:52:19.468Z - error: 400 - name (string)  is existed -CAMERA_CONTROLLER: name (string)  is existed
    at Promise.all.then.value (D:\Workspace\Nodejs\GIT\CameraApp\api\controllers\camera\admin\camera.controller.js:21:21)
    at <anonymous>- /admin/camera/create - POST - ::1
2018-05-06T08:52:19.470Z - info: ::1 - - [06/May/2018:08:52:19 +0000] "POST /admin/camera/create HTTP/1.1" 400 52 "http://localhost:8080/api-doc/" "Mozilla/5.0 (Windows NT 10.0; Win64; x64) AppleWebKit/537.36 (KHTML, like Gecko) Chrome/66.0.3359.139 Safari/537.36"

2018-05-06T08:52:25.054Z - error: 400 - namaspace (string) is existed -CAMERA_CONTROLLER: namaspace (string) is existed
    at Promise.all.then.value (D:\Workspace\Nodejs\GIT\CameraApp\api\controllers\camera\admin\camera.controller.js:26:21)
    at <anonymous>- /admin/camera/create - POST - ::1
2018-05-06T08:52:25.055Z - info: ::1 - - [06/May/2018:08:52:25 +0000] "POST /admin/camera/create HTTP/1.1" 400 56 "http://localhost:8080/api-doc/" "Mozilla/5.0 (Windows NT 10.0; Win64; x64) AppleWebKit/537.36 (KHTML, like Gecko) Chrome/66.0.3359.139 Safari/537.36"

2018-05-06T08:52:29.248Z - error: 400 - uri (string) are existed -CAMERA_CONTROLLER: uri (string) are existed
    at Promise.all.then.value (D:\Workspace\Nodejs\GIT\CameraApp\api\controllers\camera\admin\camera.controller.js:31:21)
    at <anonymous>
    at process._tickCallback (internal/process/next_tick.js:160:7)- /admin/camera/create - POST - ::1
2018-05-06T08:52:29.250Z - info: ::1 - - [06/May/2018:08:52:29 +0000] "POST /admin/camera/create HTTP/1.1" 400 51 "http://localhost:8080/api-doc/" "Mozilla/5.0 (Windows NT 10.0; Win64; x64) AppleWebKit/537.36 (KHTML, like Gecko) Chrome/66.0.3359.139 Safari/537.36"

2018-05-06T08:52:58.427Z - error: 400 - uri (string) are existed -CAMERA_CONTROLLER: uri (string) are existed
    at Promise.all.then.value (D:\Workspace\Nodejs\GIT\CameraApp\api\controllers\camera\admin\camera.controller.js:31:21)
    at <anonymous>- /admin/camera/create - POST - ::1
2018-05-06T08:52:58.432Z - info: ::1 - - [06/May/2018:08:52:58 +0000] "POST /admin/camera/create HTTP/1.1" 400 51 "http://localhost:8080/api-doc/" "Mozilla/5.0 (Windows NT 10.0; Win64; x64) AppleWebKit/537.36 (KHTML, like Gecko) Chrome/66.0.3359.139 Safari/537.36"

2018-05-06T08:54:25.482Z - info: ::1 - - [06/May/2018:08:54:25 +0000] "POST /admin/camera/create HTTP/1.1" 200 170 "http://localhost:8080/api-doc/" "Mozilla/5.0 (Windows NT 10.0; Win64; x64) AppleWebKit/537.36 (KHTML, like Gecko) Chrome/66.0.3359.139 Safari/537.36"

2018-05-06T08:54:30.312Z - error: 400 - name (string1)  is existed -CAMERA_CONTROLLER: name (string1)  is existed
    at Promise.all.then.value (D:\Workspace\Nodejs\GIT\CameraApp\api\controllers\camera\admin\camera.controller.js:21:21)
    at <anonymous>- /admin/camera/create - POST - ::1
2018-05-06T08:54:30.313Z - info: ::1 - - [06/May/2018:08:54:30 +0000] "POST /admin/camera/create HTTP/1.1" 400 53 "http://localhost:8080/api-doc/" "Mozilla/5.0 (Windows NT 10.0; Win64; x64) AppleWebKit/537.36 (KHTML, like Gecko) Chrome/66.0.3359.139 Safari/537.36"

2018-05-06T08:54:54.733Z - info: ::1 - - [06/May/2018:08:54:54 +0000] "POST /admin/camera/create HTTP/1.1" 200 170 "http://localhost:8080/api-doc/" "Mozilla/5.0 (Windows NT 10.0; Win64; x64) AppleWebKit/537.36 (KHTML, like Gecko) Chrome/66.0.3359.139 Safari/537.36"

2018-05-06T08:55:09.173Z - error: 400 - name (string1)  is existed -CAMERA_CONTROLLER: name (string1)  is existed
    at Promise.all.then.value (d:\Workspace\Nodejs\GIT\CameraApp\api\controllers\camera\admin\camera.controller.js:21:21)
    at <anonymous>- /admin/camera/create - POST - ::1
2018-05-06T08:55:09.176Z - info: ::1 - - [06/May/2018:08:55:09 +0000] "POST /admin/camera/create HTTP/1.1" 400 53 "http://localhost:8080/api-doc/" "Mozilla/5.0 (Windows NT 10.0; Win64; x64) AppleWebKit/537.36 (KHTML, like Gecko) Chrome/66.0.3359.139 Safari/537.36"

2018-05-06T08:55:19.905Z - error: 400 - name (string1)  is existed -CAMERA_CONTROLLER: name (string1)  is existed
    at Promise.all.then.value (d:\Workspace\Nodejs\GIT\CameraApp\api\controllers\camera\admin\camera.controller.js:21:21)
    at <anonymous>
    at process._tickCallback (internal/process/next_tick.js:160:7)- /admin/camera/create - POST - ::1
2018-05-06T08:55:19.908Z - info: ::1 - - [06/May/2018:08:55:19 +0000] "POST /admin/camera/create HTTP/1.1" 400 53 "http://localhost:8080/api-doc/" "Mozilla/5.0 (Windows NT 10.0; Win64; x64) AppleWebKit/537.36 (KHTML, like Gecko) Chrome/66.0.3359.139 Safari/537.36"

2018-05-06T08:55:32.676Z - error: 400 - name (string1)  is existed -CAMERA_CONTROLLER: name (string1)  is existed
    at Promise.all.then.value (d:\Workspace\Nodejs\GIT\CameraApp\api\controllers\camera\admin\camera.controller.js:21:21)
    at <anonymous>- /admin/camera/create - POST - ::1
2018-05-06T08:55:32.686Z - info: ::1 - - [06/May/2018:08:55:32 +0000] "POST /admin/camera/create HTTP/1.1" 400 53 "http://localhost:8080/api-doc/" "Mozilla/5.0 (Windows NT 10.0; Win64; x64) AppleWebKit/537.36 (KHTML, like Gecko) Chrome/66.0.3359.139 Safari/537.36"

2018-05-06T08:55:50.999Z - error: 400 - name (string1)  is existed -CAMERA_CONTROLLER: name (string1)  is existed
    at Promise.all.then.value (d:\Workspace\Nodejs\GIT\CameraApp\api\controllers\camera\admin\camera.controller.js:21:21)
    at <anonymous>
    at process._tickCallback (internal/process/next_tick.js:160:7)- /admin/camera/create - POST - ::1
2018-05-06T08:56:06.210Z - info: ::1 - - [06/May/2018:08:56:06 +0000] "POST /admin/camera/create HTTP/1.1" 400 53 "http://localhost:8080/api-doc/" "Mozilla/5.0 (Windows NT 10.0; Win64; x64) AppleWebKit/537.36 (KHTML, like Gecko) Chrome/66.0.3359.139 Safari/537.36"

2018-05-06T08:56:10.469Z - error: 400 - name (string1)  is existed -CAMERA_CONTROLLER: name (string1)  is existed
    at Promise.all.then.value (d:\Workspace\Nodejs\GIT\CameraApp\api\controllers\camera\admin\camera.controller.js:21:21)
    at <anonymous>
    at process._tickCallback (internal/process/next_tick.js:160:7)- /admin/camera/create - POST - ::1
2018-05-06T08:56:15.536Z - info: ::1 - - [06/May/2018:08:56:15 +0000] "POST /admin/camera/create HTTP/1.1" 400 53 "http://localhost:8080/api-doc/" "Mozilla/5.0 (Windows NT 10.0; Win64; x64) AppleWebKit/537.36 (KHTML, like Gecko) Chrome/66.0.3359.139 Safari/537.36"

2018-05-06T08:56:53.794Z - error: 400 - name (string1)  is existed -CAMERA_CONTROLLER: name (string1)  is existed
    at Promise.all.then.value (d:\Workspace\Nodejs\GIT\CameraApp\api\controllers\camera\admin\camera.controller.js:21:21)
    at <anonymous>- /admin/camera/create - POST - ::1
2018-05-06T08:56:55.125Z - info: ::1 - - [06/May/2018:08:56:55 +0000] "POST /admin/camera/create HTTP/1.1" 400 53 "http://localhost:8080/api-doc/" "Mozilla/5.0 (Windows NT 10.0; Win64; x64) AppleWebKit/537.36 (KHTML, like Gecko) Chrome/66.0.3359.139 Safari/537.36"

2018-05-06T08:57:50.128Z - error: 400 - name (string1)  is existed -CAMERA_CONTROLLER: name (string1)  is existed
    at Promise.all.then.value (d:\Workspace\Nodejs\GIT\CameraApp\api\controllers\camera\admin\camera.controller.js:21:21)
    at <anonymous>- /admin/camera/create - POST - ::1
2018-05-06T08:57:50.135Z - info: ::1 - - [06/May/2018:08:57:50 +0000] "POST /admin/camera/create HTTP/1.1" 400 53 "http://localhost:8080/api-doc/" "Mozilla/5.0 (Windows NT 10.0; Win64; x64) AppleWebKit/537.36 (KHTML, like Gecko) Chrome/66.0.3359.139 Safari/537.36"

2018-05-06T08:58:03.034Z - error: 400 - namaspace (string1) is existed -CAMERA_CONTROLLER: namaspace (string1) is existed
    at Promise.all.then.value (d:\Workspace\Nodejs\GIT\CameraApp\api\controllers\camera\admin\camera.controller.js:27:21)
    at <anonymous>- /admin/camera/create - POST - ::1
2018-05-06T08:58:03.036Z - info: ::1 - - [06/May/2018:08:58:03 +0000] "POST /admin/camera/create HTTP/1.1" 400 57 "http://localhost:8080/api-doc/" "Mozilla/5.0 (Windows NT 10.0; Win64; x64) AppleWebKit/537.36 (KHTML, like Gecko) Chrome/66.0.3359.139 Safari/537.36"

2018-05-06T08:58:07.367Z - error: 400 - uri (string1) are existed -CAMERA_CONTROLLER: uri (string1) are existed
    at Promise.all.then.value (d:\Workspace\Nodejs\GIT\CameraApp\api\controllers\camera\admin\camera.controller.js:33:21)
    at <anonymous>- /admin/camera/create - POST - ::1
2018-05-06T08:58:07.369Z - info: ::1 - - [06/May/2018:08:58:07 +0000] "POST /admin/camera/create HTTP/1.1" 400 52 "http://localhost:8080/api-doc/" "Mozilla/5.0 (Windows NT 10.0; Win64; x64) AppleWebKit/537.36 (KHTML, like Gecko) Chrome/66.0.3359.139 Safari/537.36"

2018-05-06T08:58:13.723Z - info: ::1 - - [06/May/2018:08:58:13 +0000] "POST /admin/camera/create HTTP/1.1" 200 173 "http://localhost:8080/api-doc/" "Mozilla/5.0 (Windows NT 10.0; Win64; x64) AppleWebKit/537.36 (KHTML, like Gecko) Chrome/66.0.3359.139 Safari/537.36"

2018-05-06T08:58:42.254Z - error: 400 - CameraId not existed -CAMERA_CONTROLLER: CameraId not existed
    at updateCamera (d:\Workspace\Nodejs\GIT\CameraApp\api\controllers\camera\admin\camera.controller.js:58:19)
    at Layer.handle [as handle_request] (d:\Workspace\Nodejs\GIT\CameraApp\node_modules\express\lib\router\layer.js:95:5)
    at next (d:\Workspace\Nodejs\GIT\CameraApp\node_modules\express\lib\router\route.js:137:13)
    at d:\Workspace\Nodejs\GIT\CameraApp\node_modules\express-validation\lib\index.js:45:47
    at Layer.handle [as handle_request] (d:\Workspace\Nodejs\GIT\CameraApp\node_modules\express\lib\router\layer.js:95:5)
    at next (d:\Workspace\Nodejs\GIT\CameraApp\node_modules\express\lib\router\route.js:137:13)
    at isAdmin (d:\Workspace\Nodejs\GIT\CameraApp\api\controllers\auth\auth.controller.js:14:5)
    at Layer.handle [as handle_request] (d:\Workspace\Nodejs\GIT\CameraApp\node_modules\express\lib\router\layer.js:95:5)
    at next (d:\Workspace\Nodejs\GIT\CameraApp\node_modules\express\lib\router\route.js:137:13)
    at Route.dispatch (d:\Workspace\Nodejs\GIT\CameraApp\node_modules\express\lib\router\route.js:112:3)
    at Layer.handle [as handle_request] (d:\Workspace\Nodejs\GIT\CameraApp\node_modules\express\lib\router\layer.js:95:5)
    at d:\Workspace\Nodejs\GIT\CameraApp\node_modules\express\lib\router\index.js:281:22
    at Function.process_params (d:\Workspace\Nodejs\GIT\CameraApp\node_modules\express\lib\router\index.js:335:12)
    at next (d:\Workspace\Nodejs\GIT\CameraApp\node_modules\express\lib\router\index.js:275:10)
    at Function.handle (d:\Workspace\Nodejs\GIT\CameraApp\node_modules\express\lib\router\index.js:174:3)
    at router (d:\Workspace\Nodejs\GIT\CameraApp\node_modules\express\lib\router\index.js:47:12)
    at Layer.handle [as handle_request] (d:\Workspace\Nodejs\GIT\CameraApp\node_modules\express\lib\router\layer.js:95:5)
    at trim_prefix (d:\Workspace\Nodejs\GIT\CameraApp\node_modules\express\lib\router\index.js:317:13)
    at d:\Workspace\Nodejs\GIT\CameraApp\node_modules\express\lib\router\index.js:284:7
    at Function.process_params (d:\Workspace\Nodejs\GIT\CameraApp\node_modules\express\lib\router\index.js:335:12)
    at next (d:\Workspace\Nodejs\GIT\CameraApp\node_modules\express\lib\router\index.js:275:10)
    at serveStatic (d:\Workspace\Nodejs\GIT\CameraApp\node_modules\serve-static\index.js:75:16)- /admin/camera/update - PUT - ::1
2018-05-06T08:58:42.258Z - info: ::1 - - [06/May/2018:08:58:42 +0000] "PUT /admin/camera/update HTTP/1.1" 400 47 "http://localhost:8080/api-doc/" "Mozilla/5.0 (Windows NT 10.0; Win64; x64) AppleWebKit/537.36 (KHTML, like Gecko) Chrome/66.0.3359.139 Safari/537.36"

2018-05-06T08:59:08.676Z - error: 400 - CameraId not existed -CAMERA_CONTROLLER: CameraId not existed
    at updateCamera (d:\Workspace\Nodejs\GIT\CameraApp\api\controllers\camera\admin\camera.controller.js:58:19)
    at Layer.handle [as handle_request] (d:\Workspace\Nodejs\GIT\CameraApp\node_modules\express\lib\router\layer.js:95:5)
    at next (d:\Workspace\Nodejs\GIT\CameraApp\node_modules\express\lib\router\route.js:137:13)
    at d:\Workspace\Nodejs\GIT\CameraApp\node_modules\express-validation\lib\index.js:45:47
    at Layer.handle [as handle_request] (d:\Workspace\Nodejs\GIT\CameraApp\node_modules\express\lib\router\layer.js:95:5)
    at next (d:\Workspace\Nodejs\GIT\CameraApp\node_modules\express\lib\router\route.js:137:13)
    at isAdmin (d:\Workspace\Nodejs\GIT\CameraApp\api\controllers\auth\auth.controller.js:14:5)
    at Layer.handle [as handle_request] (d:\Workspace\Nodejs\GIT\CameraApp\node_modules\express\lib\router\layer.js:95:5)
    at next (d:\Workspace\Nodejs\GIT\CameraApp\node_modules\express\lib\router\route.js:137:13)
    at Route.dispatch (d:\Workspace\Nodejs\GIT\CameraApp\node_modules\express\lib\router\route.js:112:3)
    at Layer.handle [as handle_request] (d:\Workspace\Nodejs\GIT\CameraApp\node_modules\express\lib\router\layer.js:95:5)
    at d:\Workspace\Nodejs\GIT\CameraApp\node_modules\express\lib\router\index.js:281:22
    at Function.process_params (d:\Workspace\Nodejs\GIT\CameraApp\node_modules\express\lib\router\index.js:335:12)
    at next (d:\Workspace\Nodejs\GIT\CameraApp\node_modules\express\lib\router\index.js:275:10)
    at Function.handle (d:\Workspace\Nodejs\GIT\CameraApp\node_modules\express\lib\router\index.js:174:3)
    at router (d:\Workspace\Nodejs\GIT\CameraApp\node_modules\express\lib\router\index.js:47:12)
    at Layer.handle [as handle_request] (d:\Workspace\Nodejs\GIT\CameraApp\node_modules\express\lib\router\layer.js:95:5)
    at trim_prefix (d:\Workspace\Nodejs\GIT\CameraApp\node_modules\express\lib\router\index.js:317:13)
    at d:\Workspace\Nodejs\GIT\CameraApp\node_modules\express\lib\router\index.js:284:7
    at Function.process_params (d:\Workspace\Nodejs\GIT\CameraApp\node_modules\express\lib\router\index.js:335:12)
    at next (d:\Workspace\Nodejs\GIT\CameraApp\node_modules\express\lib\router\index.js:275:10)
    at serveStatic (d:\Workspace\Nodejs\GIT\CameraApp\node_modules\serve-static\index.js:75:16)- /admin/camera/update - PUT - ::1
2018-05-06T08:59:08.687Z - info: ::1 - - [06/May/2018:08:59:08 +0000] "PUT /admin/camera/update HTTP/1.1" 400 47 "http://localhost:8080/api-doc/" "Mozilla/5.0 (Windows NT 10.0; Win64; x64) AppleWebKit/537.36 (KHTML, like Gecko) Chrome/66.0.3359.139 Safari/537.36"

2018-05-06T09:00:00.295Z - info: ::1 - - [06/May/2018:09:00:00 +0000] "PUT /admin/camera/update HTTP/1.1" 200 45 "http://localhost:8080/api-doc/" "Mozilla/5.0 (Windows NT 10.0; Win64; x64) AppleWebKit/537.36 (KHTML, like Gecko) Chrome/66.0.3359.139 Safari/537.36"

2018-05-06T09:04:08.185Z - info: ::1 - - [06/May/2018:09:04:08 +0000] "PUT /admin/camera/update HTTP/1.1" 200 173 "http://localhost:8080/api-doc/" "Mozilla/5.0 (Windows NT 10.0; Win64; x64) AppleWebKit/537.36 (KHTML, like Gecko) Chrome/66.0.3359.139 Safari/537.36"

2018-05-06T09:04:21.359Z - info: ::1 - - [06/May/2018:09:04:21 +0000] "PUT /admin/camera/update HTTP/1.1" 200 209 "http://localhost:8080/api-doc/" "Mozilla/5.0 (Windows NT 10.0; Win64; x64) AppleWebKit/537.36 (KHTML, like Gecko) Chrome/66.0.3359.139 Safari/537.36"

2018-05-06T09:04:46.155Z - info: ::1 - - [06/May/2018:09:04:46 +0000] "PUT /admin/camera/update HTTP/1.1" 200 209 "http://localhost:8080/api-doc/" "Mozilla/5.0 (Windows NT 10.0; Win64; x64) AppleWebKit/537.36 (KHTML, like Gecko) Chrome/66.0.3359.139 Safari/537.36"

2018-05-06T09:05:35.944Z - info: ::1 - - [06/May/2018:09:05:35 +0000] "PUT /admin/camera/update HTTP/1.1" 200 209 "http://localhost:8080/api-doc/" "Mozilla/5.0 (Windows NT 10.0; Win64; x64) AppleWebKit/537.36 (KHTML, like Gecko) Chrome/66.0.3359.139 Safari/537.36"

2018-05-06T09:06:26.372Z - info: ::1 - - [06/May/2018:09:06:26 +0000] "PUT /admin/camera/update HTTP/1.1" 200 289 "http://localhost:8080/api-doc/" "Mozilla/5.0 (Windows NT 10.0; Win64; x64) AppleWebKit/537.36 (KHTML, like Gecko) Chrome/66.0.3359.139 Safari/537.36"

2018-05-06T15:45:01.316Z - info: ::1 - - [06/May/2018:15:45:01 +0000] "POST /admin/type/create HTTP/1.1" 200 67 "http://localhost:8080/api-doc/" "Mozilla/5.0 (Windows NT 10.0; Win64; x64) AppleWebKit/537.36 (KHTML, like Gecko) Chrome/66.0.3359.139 Safari/537.36"

2018-05-06T15:45:20.827Z - info: ::1 - - [06/May/2018:15:45:20 +0000] "POST /file/upload HTTP/1.1" 200 338 "-" "Mozilla/5.0 (Windows NT 10.0; Win64; x64) AppleWebKit/537.36 (KHTML, like Gecko) Chrome/66.0.3359.139 Safari/537.36"

2018-05-06T15:45:45.939Z - info: ::1 - - [06/May/2018:15:45:45 +0000] "POST /admin/product/create HTTP/1.1" 200 243 "http://localhost:8080/api-doc/" "Mozilla/5.0 (Windows NT 10.0; Win64; x64) AppleWebKit/537.36 (KHTML, like Gecko) Chrome/66.0.3359.139 Safari/537.36"

2018-05-06T15:45:52.571Z - error: 400 - Product 1 is existed -PRODUCT-CONTROLLER: Product 1 is existed
    at productService.findByName.then.result (D:\Workspace\Nodejs\GIT\CameraApp\api\controllers\product\admin\product-manager.controller.js:26:21)
    at tryCatcher (D:\Workspace\Nodejs\GIT\CameraApp\node_modules\bluebird\js\release\util.js:16:23)
    at Promise._settlePromiseFromHandler (D:\Workspace\Nodejs\GIT\CameraApp\node_modules\bluebird\js\release\promise.js:512:31)
    at Promise._settlePromise (D:\Workspace\Nodejs\GIT\CameraApp\node_modules\bluebird\js\release\promise.js:569:18)
    at Promise._settlePromise0 (D:\Workspace\Nodejs\GIT\CameraApp\node_modules\bluebird\js\release\promise.js:614:10)
    at Promise._settlePromises (D:\Workspace\Nodejs\GIT\CameraApp\node_modules\bluebird\js\release\promise.js:693:18)
    at Async._drainQueue (D:\Workspace\Nodejs\GIT\CameraApp\node_modules\bluebird\js\release\async.js:133:16)
    at Async._drainQueues (D:\Workspace\Nodejs\GIT\CameraApp\node_modules\bluebird\js\release\async.js:143:10)
    at Immediate.Async.drainQueues [as _onImmediate] (D:\Workspace\Nodejs\GIT\CameraApp\node_modules\bluebird\js\release\async.js:17:14)
    at runCallback (timers.js:757:18)
    at tryOnImmediate (timers.js:718:5)
    at processImmediate [as _immediateCallback] (timers.js:698:5)- /admin/product/create - POST - ::1
2018-05-06T15:45:52.572Z - info: ::1 - - [06/May/2018:15:45:52 +0000] "POST /admin/product/create HTTP/1.1" 400 47 "http://localhost:8080/api-doc/" "Mozilla/5.0 (Windows NT 10.0; Win64; x64) AppleWebKit/537.36 (KHTML, like Gecko) Chrome/66.0.3359.139 Safari/537.36"

2018-05-06T15:46:06.175Z - info: ::1 - - [06/May/2018:15:46:06 +0000] "POST /admin/product/create HTTP/1.1" 200 243 "http://localhost:8080/api-doc/" "Mozilla/5.0 (Windows NT 10.0; Win64; x64) AppleWebKit/537.36 (KHTML, like Gecko) Chrome/66.0.3359.139 Safari/537.36"

2018-05-06T15:46:12.320Z - info: ::1 - - [06/May/2018:15:46:12 +0000] "POST /admin/product/create HTTP/1.1" 200 243 "http://localhost:8080/api-doc/" "Mozilla/5.0 (Windows NT 10.0; Win64; x64) AppleWebKit/537.36 (KHTML, like Gecko) Chrome/66.0.3359.139 Safari/537.36"

2018-05-06T15:46:19.308Z - info: ::1 - - [06/May/2018:15:46:19 +0000] "POST /admin/product/create HTTP/1.1" 200 243 "http://localhost:8080/api-doc/" "Mozilla/5.0 (Windows NT 10.0; Win64; x64) AppleWebKit/537.36 (KHTML, like Gecko) Chrome/66.0.3359.139 Safari/537.36"

2018-05-06T15:46:43.436Z - info: ::1 - - [06/May/2018:15:46:43 +0000] "POST /admin/type/create HTTP/1.1" 200 67 "http://localhost:8080/api-doc/" "Mozilla/5.0 (Windows NT 10.0; Win64; x64) AppleWebKit/537.36 (KHTML, like Gecko) Chrome/66.0.3359.139 Safari/537.36"

2018-05-06T15:46:56.383Z - error: 400 - Product 4 is existed -PRODUCT-CONTROLLER: Product 4 is existed
    at productService.findByName.then.result (D:\Workspace\Nodejs\GIT\CameraApp\api\controllers\product\admin\product-manager.controller.js:26:21)
    at tryCatcher (D:\Workspace\Nodejs\GIT\CameraApp\node_modules\bluebird\js\release\util.js:16:23)
    at Promise._settlePromiseFromHandler (D:\Workspace\Nodejs\GIT\CameraApp\node_modules\bluebird\js\release\promise.js:512:31)
    at Promise._settlePromise (D:\Workspace\Nodejs\GIT\CameraApp\node_modules\bluebird\js\release\promise.js:569:18)
    at Promise._settlePromise0 (D:\Workspace\Nodejs\GIT\CameraApp\node_modules\bluebird\js\release\promise.js:614:10)
    at Promise._settlePromises (D:\Workspace\Nodejs\GIT\CameraApp\node_modules\bluebird\js\release\promise.js:693:18)
    at Async._drainQueue (D:\Workspace\Nodejs\GIT\CameraApp\node_modules\bluebird\js\release\async.js:133:16)
    at Async._drainQueues (D:\Workspace\Nodejs\GIT\CameraApp\node_modules\bluebird\js\release\async.js:143:10)
    at Immediate.Async.drainQueues [as _onImmediate] (D:\Workspace\Nodejs\GIT\CameraApp\node_modules\bluebird\js\release\async.js:17:14)
    at runCallback (timers.js:757:18)
    at tryOnImmediate (timers.js:718:5)
    at processImmediate [as _immediateCallback] (timers.js:698:5)- /admin/product/create - POST - ::1
2018-05-06T15:46:56.384Z - info: ::1 - - [06/May/2018:15:46:56 +0000] "POST /admin/product/create HTTP/1.1" 400 47 "http://localhost:8080/api-doc/" "Mozilla/5.0 (Windows NT 10.0; Win64; x64) AppleWebKit/537.36 (KHTML, like Gecko) Chrome/66.0.3359.139 Safari/537.36"

2018-05-06T15:47:04.174Z - info: ::1 - - [06/May/2018:15:47:04 +0000] "POST /admin/product/create HTTP/1.1" 200 243 "http://localhost:8080/api-doc/" "Mozilla/5.0 (Windows NT 10.0; Win64; x64) AppleWebKit/537.36 (KHTML, like Gecko) Chrome/66.0.3359.139 Safari/537.36"

2018-05-06T15:47:09.206Z - info: ::1 - - [06/May/2018:15:47:09 +0000] "POST /admin/product/create HTTP/1.1" 200 243 "http://localhost:8080/api-doc/" "Mozilla/5.0 (Windows NT 10.0; Win64; x64) AppleWebKit/537.36 (KHTML, like Gecko) Chrome/66.0.3359.139 Safari/537.36"

2018-05-06T15:47:21.172Z - error: 500 - Video is not associated to Product! -SequelizeEagerLoadingError: Video is not associated to Product!
    at Function._getIncludedAssociation (D:\Workspace\Nodejs\GIT\CameraApp\node_modules\sequelize\lib\model.js:583:13)
    at Function._validateIncludedElement (D:\Workspace\Nodejs\GIT\CameraApp\node_modules\sequelize\lib\model.js:499:53)
    at options.include.options.include.map.include (D:\Workspace\Nodejs\GIT\CameraApp\node_modules\sequelize\lib\model.js:395:37)
    at Array.map (<anonymous>)
    at Function._validateIncludedElements (D:\Workspace\Nodejs\GIT\CameraApp\node_modules\sequelize\lib\model.js:390:39)
    at Promise.try.then.then (D:\Workspace\Nodejs\GIT\CameraApp\node_modules\sequelize\lib\model.js:1576:14)
    at tryCatcher (D:\Workspace\Nodejs\GIT\CameraApp\node_modules\bluebird\js\release\util.js:16:23)
    at Promise._settlePromiseFromHandler (D:\Workspace\Nodejs\GIT\CameraApp\node_modules\bluebird\js\release\promise.js:512:31)
    at Promise._settlePromise (D:\Workspace\Nodejs\GIT\CameraApp\node_modules\bluebird\js\release\promise.js:569:18)
    at Promise._settlePromise0 (D:\Workspace\Nodejs\GIT\CameraApp\node_modules\bluebird\js\release\promise.js:614:10)
    at Promise._settlePromises (D:\Workspace\Nodejs\GIT\CameraApp\node_modules\bluebird\js\release\promise.js:693:18)
    at Async._drainQueue (D:\Workspace\Nodejs\GIT\CameraApp\node_modules\bluebird\js\release\async.js:133:16)
    at Async._drainQueues (D:\Workspace\Nodejs\GIT\CameraApp\node_modules\bluebird\js\release\async.js:143:10)
    at Immediate.Async.drainQueues [as _onImmediate] (D:\Workspace\Nodejs\GIT\CameraApp\node_modules\bluebird\js\release\async.js:17:14)
    at runCallback (timers.js:757:18)
    at tryOnImmediate (timers.js:718:5)
    at processImmediate [as _immediateCallback] (timers.js:698:5)- /product/detail?productId=1 - GET - ::1
2018-05-06T15:47:21.173Z - info: ::1 - - [06/May/2018:15:47:21 +0000] "GET /product/detail?productId=1 HTTP/1.1" 500 47 "http://localhost:8080/api-doc/" "Mozilla/5.0 (Windows NT 10.0; Win64; x64) AppleWebKit/537.36 (KHTML, like Gecko) Chrome/66.0.3359.139 Safari/537.36"

2018-05-06T15:52:55.408Z - info: ::1 - - [06/May/2018:15:52:55 +0000] "GET /product/detail?productId=1 HTTP/1.1" 200 367 "http://localhost:8080/api-doc/" "Mozilla/5.0 (Windows NT 10.0; Win64; x64) AppleWebKit/537.36 (KHTML, like Gecko) Chrome/66.0.3359.139 Safari/537.36"

2018-05-06T15:53:31.110Z - info: ::1 - - [06/May/2018:15:53:31 +0000] "GET /product/detail?productId=6 HTTP/1.1" 200 658 "http://localhost:8080/api-doc/" "Mozilla/5.0 (Windows NT 10.0; Win64; x64) AppleWebKit/537.36 (KHTML, like Gecko) Chrome/66.0.3359.139 Safari/537.36"

2018-05-06T15:55:13.545Z - error: 500 - Invalid value {} -Error: Invalid value {}
    at Object.escape (D:\Workspace\Nodejs\GIT\CameraApp\node_modules\sequelize\lib\sql-string.js:66:11)
    at Object.escape (D:\Workspace\Nodejs\GIT\CameraApp\node_modules\sequelize\lib\dialects\abstract\query-generator.js:934:22)
    at Object._whereParseSingleValueObject (D:\Workspace\Nodejs\GIT\CameraApp\node_modules\sequelize\lib\dialects\abstract\query-generator.js:2433:41)
    at Object.whereItemQuery (D:\Workspace\Nodejs\GIT\CameraApp\node_modules\sequelize\lib\dialects\abstract\query-generator.js:2133:21)
    at Utils.getComplexKeys.forEach.prop (D:\Workspace\Nodejs\GIT\CameraApp\node_modules\sequelize\lib\dialects\abstract\query-generator.js:1994:25)
    at Array.forEach (<anonymous>)
    at Object.whereItemsQuery (D:\Workspace\Nodejs\GIT\CameraApp\node_modules\sequelize\lib\dialects\abstract\query-generator.js:1992:35)
    at Object.generateJoin (D:\Workspace\Nodejs\GIT\CameraApp\node_modules\sequelize\lib\dialects\abstract\query-generator.js:1460:24)
    at Object.generateInclude (D:\Workspace\Nodejs\GIT\CameraApp\node_modules\sequelize\lib\dialects\abstract\query-generator.js:1337:24)
    at Object.selectQuery (D:\Workspace\Nodejs\GIT\CameraApp\node_modules\sequelize\lib\dialects\abstract\query-generator.js:1011:34)
    at QueryInterface.rawSelect (D:\Workspace\Nodejs\GIT\CameraApp\node_modules\sequelize\lib\query-interface.js:1147:37)
    at Function.aggregate (D:\Workspace\Nodejs\GIT\CameraApp\node_modules\sequelize\lib\model.js:1818:32)
    at Promise.try.then (D:\Workspace\Nodejs\GIT\CameraApp\node_modules\sequelize\lib\model.js:1865:19)
    at tryCatcher (D:\Workspace\Nodejs\GIT\CameraApp\node_modules\bluebird\js\release\util.js:16:23)
    at Promise._settlePromiseFromHandler (D:\Workspace\Nodejs\GIT\CameraApp\node_modules\bluebird\js\release\promise.js:512:31)
    at Promise._settlePromise (D:\Workspace\Nodejs\GIT\CameraApp\node_modules\bluebird\js\release\promise.js:569:18)
    at Promise._settlePromise0 (D:\Workspace\Nodejs\GIT\CameraApp\node_modules\bluebird\js\release\promise.js:614:10)
    at Promise._settlePromises (D:\Workspace\Nodejs\GIT\CameraApp\node_modules\bluebird\js\release\promise.js:693:18)
    at Async._drainQueue (D:\Workspace\Nodejs\GIT\CameraApp\node_modules\bluebird\js\release\async.js:133:16)
    at Async._drainQueues (D:\Workspace\Nodejs\GIT\CameraApp\node_modules\bluebird\js\release\async.js:143:10)
    at Immediate.Async.drainQueues [as _onImmediate] (D:\Workspace\Nodejs\GIT\CameraApp\node_modules\bluebird\js\release\async.js:17:14)
    at runCallback (timers.js:757:18)- /product/find/all?typeName=type - GET - ::1
2018-05-06T15:55:13.550Z - info: ::1 - - [06/May/2018:15:55:13 +0000] "GET /product/find/all?typeName=type HTTP/1.1" 500 12 "http://localhost:8080/api-doc/" "Mozilla/5.0 (Windows NT 10.0; Win64; x64) AppleWebKit/537.36 (KHTML, like Gecko) Chrome/66.0.3359.139 Safari/537.36"

2018-05-06T15:57:17.546Z - error: 500 - Invalid value {} -Error: Invalid value {}
    at Object.escape (D:\Workspace\Nodejs\GIT\CameraApp\node_modules\sequelize\lib\sql-string.js:66:11)
    at Object.escape (D:\Workspace\Nodejs\GIT\CameraApp\node_modules\sequelize\lib\dialects\abstract\query-generator.js:934:22)
    at Object._whereParseSingleValueObject (D:\Workspace\Nodejs\GIT\CameraApp\node_modules\sequelize\lib\dialects\abstract\query-generator.js:2433:41)
    at Object.whereItemQuery (D:\Workspace\Nodejs\GIT\CameraApp\node_modules\sequelize\lib\dialects\abstract\query-generator.js:2133:21)
    at Utils.getComplexKeys.forEach.prop (D:\Workspace\Nodejs\GIT\CameraApp\node_modules\sequelize\lib\dialects\abstract\query-generator.js:1994:25)
    at Array.forEach (<anonymous>)
    at Object.whereItemsQuery (D:\Workspace\Nodejs\GIT\CameraApp\node_modules\sequelize\lib\dialects\abstract\query-generator.js:1992:35)
    at Object.generateJoin (D:\Workspace\Nodejs\GIT\CameraApp\node_modules\sequelize\lib\dialects\abstract\query-generator.js:1460:24)
    at Object.generateInclude (D:\Workspace\Nodejs\GIT\CameraApp\node_modules\sequelize\lib\dialects\abstract\query-generator.js:1337:24)
    at Object.selectQuery (D:\Workspace\Nodejs\GIT\CameraApp\node_modules\sequelize\lib\dialects\abstract\query-generator.js:1011:34)
    at QueryInterface.rawSelect (D:\Workspace\Nodejs\GIT\CameraApp\node_modules\sequelize\lib\query-interface.js:1147:37)
    at Function.aggregate (D:\Workspace\Nodejs\GIT\CameraApp\node_modules\sequelize\lib\model.js:1818:32)
    at Promise.try.then (D:\Workspace\Nodejs\GIT\CameraApp\node_modules\sequelize\lib\model.js:1865:19)
    at tryCatcher (D:\Workspace\Nodejs\GIT\CameraApp\node_modules\bluebird\js\release\util.js:16:23)
    at Promise._settlePromiseFromHandler (D:\Workspace\Nodejs\GIT\CameraApp\node_modules\bluebird\js\release\promise.js:512:31)
    at Promise._settlePromise (D:\Workspace\Nodejs\GIT\CameraApp\node_modules\bluebird\js\release\promise.js:569:18)
    at Promise._settlePromise0 (D:\Workspace\Nodejs\GIT\CameraApp\node_modules\bluebird\js\release\promise.js:614:10)
    at Promise._settlePromises (D:\Workspace\Nodejs\GIT\CameraApp\node_modules\bluebird\js\release\promise.js:693:18)
    at Async._drainQueue (D:\Workspace\Nodejs\GIT\CameraApp\node_modules\bluebird\js\release\async.js:133:16)
    at Async._drainQueues (D:\Workspace\Nodejs\GIT\CameraApp\node_modules\bluebird\js\release\async.js:143:10)
    at Immediate.Async.drainQueues [as _onImmediate] (D:\Workspace\Nodejs\GIT\CameraApp\node_modules\bluebird\js\release\async.js:17:14)
    at runCallback (timers.js:757:18)- /product/find/all?typeName=type - GET - ::1
2018-05-06T15:57:17.556Z - info: ::1 - - [06/May/2018:15:57:17 +0000] "GET /product/find/all?typeName=type HTTP/1.1" 500 12 "http://localhost:8080/api-doc/" "Mozilla/5.0 (Windows NT 10.0; Win64; x64) AppleWebKit/537.36 (KHTML, like Gecko) Chrome/66.0.3359.139 Safari/537.36"

2018-05-06T15:57:44.497Z - error: 500 - Invalid value { name: { [Symbol(like)]: 'type' } } -Error: Invalid value { name: { [Symbol(like)]: 'type' } }
    at Object.escape (D:\Workspace\Nodejs\GIT\CameraApp\node_modules\sequelize\lib\sql-string.js:66:11)
    at Object.escape (D:\Workspace\Nodejs\GIT\CameraApp\node_modules\sequelize\lib\dialects\abstract\query-generator.js:934:22)
    at Object._whereParseSingleValueObject (D:\Workspace\Nodejs\GIT\CameraApp\node_modules\sequelize\lib\dialects\abstract\query-generator.js:2433:41)
    at Object.whereItemQuery (D:\Workspace\Nodejs\GIT\CameraApp\node_modules\sequelize\lib\dialects\abstract\query-generator.js:2133:21)
    at Utils.getComplexKeys.forEach.prop (D:\Workspace\Nodejs\GIT\CameraApp\node_modules\sequelize\lib\dialects\abstract\query-generator.js:1994:25)
    at Array.forEach (<anonymous>)
    at Object.whereItemsQuery (D:\Workspace\Nodejs\GIT\CameraApp\node_modules\sequelize\lib\dialects\abstract\query-generator.js:1992:35)
    at Object.generateJoin (D:\Workspace\Nodejs\GIT\CameraApp\node_modules\sequelize\lib\dialects\abstract\query-generator.js:1460:24)
    at Object.generateInclude (D:\Workspace\Nodejs\GIT\CameraApp\node_modules\sequelize\lib\dialects\abstract\query-generator.js:1337:24)
    at Object.selectQuery (D:\Workspace\Nodejs\GIT\CameraApp\node_modules\sequelize\lib\dialects\abstract\query-generator.js:1011:34)
    at QueryInterface.rawSelect (D:\Workspace\Nodejs\GIT\CameraApp\node_modules\sequelize\lib\query-interface.js:1147:37)
    at Function.aggregate (D:\Workspace\Nodejs\GIT\CameraApp\node_modules\sequelize\lib\model.js:1818:32)
    at Promise.try.then (D:\Workspace\Nodejs\GIT\CameraApp\node_modules\sequelize\lib\model.js:1865:19)
    at tryCatcher (D:\Workspace\Nodejs\GIT\CameraApp\node_modules\bluebird\js\release\util.js:16:23)
    at Promise._settlePromiseFromHandler (D:\Workspace\Nodejs\GIT\CameraApp\node_modules\bluebird\js\release\promise.js:512:31)
    at Promise._settlePromise (D:\Workspace\Nodejs\GIT\CameraApp\node_modules\bluebird\js\release\promise.js:569:18)
    at Promise._settlePromise0 (D:\Workspace\Nodejs\GIT\CameraApp\node_modules\bluebird\js\release\promise.js:614:10)
    at Promise._settlePromises (D:\Workspace\Nodejs\GIT\CameraApp\node_modules\bluebird\js\release\promise.js:693:18)
    at Async._drainQueue (D:\Workspace\Nodejs\GIT\CameraApp\node_modules\bluebird\js\release\async.js:133:16)
    at Async._drainQueues (D:\Workspace\Nodejs\GIT\CameraApp\node_modules\bluebird\js\release\async.js:143:10)
    at Immediate.Async.drainQueues [as _onImmediate] (D:\Workspace\Nodejs\GIT\CameraApp\node_modules\bluebird\js\release\async.js:17:14)
    at runCallback (timers.js:757:18)- /product/find/all?typeName=type - GET - ::1
2018-05-06T15:57:44.505Z - info: ::1 - - [06/May/2018:15:57:44 +0000] "GET /product/find/all?typeName=type HTTP/1.1" 500 12 "http://localhost:8080/api-doc/" "Mozilla/5.0 (Windows NT 10.0; Win64; x64) AppleWebKit/537.36 (KHTML, like Gecko) Chrome/66.0.3359.139 Safari/537.36"

2018-05-06T15:58:51.681Z - info: ::1 - - [06/May/2018:15:58:51 +0000] "GET /product/find/all?typeName=type HTTP/1.1" 200 63 "http://localhost:8080/api-doc/" "Mozilla/5.0 (Windows NT 10.0; Win64; x64) AppleWebKit/537.36 (KHTML, like Gecko) Chrome/66.0.3359.139 Safari/537.36"

2018-05-06T15:59:53.181Z - info: ::1 - - [06/May/2018:15:59:53 +0000] "GET /product/find/all?typeName=type HTTP/1.1" 304 - "http://localhost:8080/api-doc/" "Mozilla/5.0 (Windows NT 10.0; Win64; x64) AppleWebKit/537.36 (KHTML, like Gecko) Chrome/66.0.3359.139 Safari/537.36"

2018-05-06T16:00:17.620Z - info: ::1 - - [06/May/2018:16:00:17 +0000] "GET /product/find/all?typeName=Type HTTP/1.1" 200 63 "http://localhost:8080/api-doc/" "Mozilla/5.0 (Windows NT 10.0; Win64; x64) AppleWebKit/537.36 (KHTML, like Gecko) Chrome/66.0.3359.139 Safari/537.36"

2018-05-06T16:04:25.843Z - info: ::1 - - [06/May/2018:16:04:25 +0000] "GET /product/find/all?typeName=Type HTTP/1.1" 304 - "http://localhost:8080/api-doc/" "Mozilla/5.0 (Windows NT 10.0; Win64; x64) AppleWebKit/537.36 (KHTML, like Gecko) Chrome/66.0.3359.139 Safari/537.36"

2018-05-06T16:04:42.538Z - info: ::1 - - [06/May/2018:16:04:42 +0000] "GET /product/find/all?typeName=Type HTTP/1.1" 200 1227 "http://localhost:8080/api-doc/" "Mozilla/5.0 (Windows NT 10.0; Win64; x64) AppleWebKit/537.36 (KHTML, like Gecko) Chrome/66.0.3359.139 Safari/537.36"

2018-05-06T16:04:58.952Z - info: ::1 - - [06/May/2018:16:04:58 +0000] "GET /product/find/all?name=product%201&typeName=Type HTTP/1.1" 200 295 "http://localhost:8080/api-doc/" "Mozilla/5.0 (Windows NT 10.0; Win64; x64) AppleWebKit/537.36 (KHTML, like Gecko) Chrome/66.0.3359.139 Safari/537.36"

2018-05-06T16:05:56.949Z - info: ::1 - - [06/May/2018:16:05:56 +0000] "GET /product/find/all?name=product%201&typeName=Type&pageNum=1&pageSize=1 HTTP/1.1" 200 63 "http://localhost:8080/api-doc/" "Mozilla/5.0 (Windows NT 10.0; Win64; x64) AppleWebKit/537.36 (KHTML, like Gecko) Chrome/66.0.3359.139 Safari/537.36"

2018-05-06T16:06:01.711Z - info: ::1 - - [06/May/2018:16:06:01 +0000] "GET /product/find/all?name=product%201&typeName=Type&pageNum=0&pageSize=2 HTTP/1.1" 200 295 "http://localhost:8080/api-doc/" "Mozilla/5.0 (Windows NT 10.0; Win64; x64) AppleWebKit/537.36 (KHTML, like Gecko) Chrome/66.0.3359.139 Safari/537.36"

2018-05-06T16:06:07.877Z - info: ::1 - - [06/May/2018:16:06:07 +0000] "GET /product/find/all?typeName=Type&pageNum=0&pageSize=2 HTTP/1.1" 200 528 "http://localhost:8080/api-doc/" "Mozilla/5.0 (Windows NT 10.0; Win64; x64) AppleWebKit/537.36 (KHTML, like Gecko) Chrome/66.0.3359.139 Safari/537.36"

2018-05-06T16:06:12.665Z - info: ::1 - - [06/May/2018:16:06:12 +0000] "GET /product/find/all?typeName=Type&pageNum=1&pageSize=2 HTTP/1.1" 200 528 "http://localhost:8080/api-doc/" "Mozilla/5.0 (Windows NT 10.0; Win64; x64) AppleWebKit/537.36 (KHTML, like Gecko) Chrome/66.0.3359.139 Safari/537.36"

2018-05-06T16:19:17.872Z - error: 404 - Not Found -Error: Not Found
    at D:\Workspace\Nodejs\GIT\CameraApp\app.js:90:13
    at Layer.handle [as handle_request] (D:\Workspace\Nodejs\GIT\CameraApp\node_modules\express\lib\router\layer.js:95:5)
    at trim_prefix (D:\Workspace\Nodejs\GIT\CameraApp\node_modules\express\lib\router\index.js:317:13)
    at D:\Workspace\Nodejs\GIT\CameraApp\node_modules\express\lib\router\index.js:284:7
    at Function.process_params (D:\Workspace\Nodejs\GIT\CameraApp\node_modules\express\lib\router\index.js:335:12)
    at next (D:\Workspace\Nodejs\GIT\CameraApp\node_modules\express\lib\router\index.js:275:10)
    at D:\Workspace\Nodejs\GIT\CameraApp\node_modules\express\lib\router\index.js:635:15
    at next (D:\Workspace\Nodejs\GIT\CameraApp\node_modules\express\lib\router\index.js:260:14)
    at Function.handle (D:\Workspace\Nodejs\GIT\CameraApp\node_modules\express\lib\router\index.js:174:3)
    at router (D:\Workspace\Nodejs\GIT\CameraApp\node_modules\express\lib\router\index.js:47:12)
    at Layer.handle [as handle_request] (D:\Workspace\Nodejs\GIT\CameraApp\node_modules\express\lib\router\layer.js:95:5)
    at trim_prefix (D:\Workspace\Nodejs\GIT\CameraApp\node_modules\express\lib\router\index.js:317:13)
    at D:\Workspace\Nodejs\GIT\CameraApp\node_modules\express\lib\router\index.js:284:7
    at Function.process_params (D:\Workspace\Nodejs\GIT\CameraApp\node_modules\express\lib\router\index.js:335:12)
    at next (D:\Workspace\Nodejs\GIT\CameraApp\node_modules\express\lib\router\index.js:275:10)
    at D:\Workspace\Nodejs\GIT\CameraApp\node_modules\express\lib\router\index.js:635:15
    at next (D:\Workspace\Nodejs\GIT\CameraApp\node_modules\express\lib\router\index.js:260:14)
    at Function.handle (D:\Workspace\Nodejs\GIT\CameraApp\node_modules\express\lib\router\index.js:174:3)
    at router (D:\Workspace\Nodejs\GIT\CameraApp\node_modules\express\lib\router\index.js:47:12)
    at Layer.handle [as handle_request] (D:\Workspace\Nodejs\GIT\CameraApp\node_modules\express\lib\router\layer.js:95:5)
    at trim_prefix (D:\Workspace\Nodejs\GIT\CameraApp\node_modules\express\lib\router\index.js:317:13)
    at D:\Workspace\Nodejs\GIT\CameraApp\node_modules\express\lib\router\index.js:284:7- /camera/find/all - GET - ::1
2018-05-06T16:19:17.877Z - info: ::1 - - [06/May/2018:16:19:17 +0000] "GET /camera/find/all HTTP/1.1" 404 24 "http://localhost:8080/api-doc/" "Mozilla/5.0 (Windows NT 10.0; Win64; x64) AppleWebKit/537.36 (KHTML, like Gecko) Chrome/66.0.3359.139 Safari/537.36"

2018-05-06T16:19:49.837Z - info: ::1 - - [06/May/2018:16:19:49 +0000] "GET /admin/camera/find/all HTTP/1.1" 200 517 "http://localhost:8080/api-doc/" "Mozilla/5.0 (Windows NT 10.0; Win64; x64) AppleWebKit/537.36 (KHTML, like Gecko) Chrome/66.0.3359.139 Safari/537.36"

2018-05-06T16:20:41.976Z - info: ::1 - - [06/May/2018:16:20:41 +0000] "GET /admin/camera/find/all HTTP/1.1" 304 - "http://localhost:8080/api-doc/" "Mozilla/5.0 (Windows NT 10.0; Win64; x64) AppleWebKit/537.36 (KHTML, like Gecko) Chrome/66.0.3359.139 Safari/537.36"

2018-05-06T16:20:49.846Z - info: ::1 - - [06/May/2018:16:20:49 +0000] "GET /admin/camera/find/all?name=string HTTP/1.1" 200 517 "http://localhost:8080/api-doc/" "Mozilla/5.0 (Windows NT 10.0; Win64; x64) AppleWebKit/537.36 (KHTML, like Gecko) Chrome/66.0.3359.139 Safari/537.36"

2018-05-06T16:21:00.126Z - info: ::1 - - [06/May/2018:16:21:00 +0000] "GET /admin/camera/find/all?name=string121 HTTP/1.1" 200 309 "http://localhost:8080/api-doc/" "Mozilla/5.0 (Windows NT 10.0; Win64; x64) AppleWebKit/537.36 (KHTML, like Gecko) Chrome/66.0.3359.139 Safari/537.36"

2018-05-06T16:21:09.415Z - error: 500 - Video is associated to Camera using an alias. You must use the 'as' keyword to specify the alias within your include statement. -SequelizeEagerLoadingError: Video is associated to Camera using an alias. You must use the 'as' keyword to specify the alias within your include statement.
    at Function._getIncludedAssociation (D:\Workspace\Nodejs\GIT\CameraApp\node_modules\sequelize\lib\model.js:591:17)
    at Function._validateIncludedElement (D:\Workspace\Nodejs\GIT\CameraApp\node_modules\sequelize\lib\model.js:499:53)
    at options.include.options.include.map.include (D:\Workspace\Nodejs\GIT\CameraApp\node_modules\sequelize\lib\model.js:395:37)
    at Array.map (<anonymous>)
    at Function._validateIncludedElements (D:\Workspace\Nodejs\GIT\CameraApp\node_modules\sequelize\lib\model.js:390:39)
    at Promise.try.then.then (D:\Workspace\Nodejs\GIT\CameraApp\node_modules\sequelize\lib\model.js:1576:14)
    at tryCatcher (D:\Workspace\Nodejs\GIT\CameraApp\node_modules\bluebird\js\release\util.js:16:23)
    at Promise._settlePromiseFromHandler (D:\Workspace\Nodejs\GIT\CameraApp\node_modules\bluebird\js\release\promise.js:512:31)
    at Promise._settlePromise (D:\Workspace\Nodejs\GIT\CameraApp\node_modules\bluebird\js\release\promise.js:569:18)
    at Promise._settlePromise0 (D:\Workspace\Nodejs\GIT\CameraApp\node_modules\bluebird\js\release\promise.js:614:10)
    at Promise._settlePromises (D:\Workspace\Nodejs\GIT\CameraApp\node_modules\bluebird\js\release\promise.js:693:18)
    at Async._drainQueue (D:\Workspace\Nodejs\GIT\CameraApp\node_modules\bluebird\js\release\async.js:133:16)
    at Async._drainQueues (D:\Workspace\Nodejs\GIT\CameraApp\node_modules\bluebird\js\release\async.js:143:10)
    at Immediate.Async.drainQueues [as _onImmediate] (D:\Workspace\Nodejs\GIT\CameraApp\node_modules\bluebird\js\release\async.js:17:14)
    at runCallback (timers.js:757:18)
    at tryOnImmediate (timers.js:718:5)
    at processImmediate [as _immediateCallback] (timers.js:698:5)- /admin/camera/detail?cameraId=1 - GET - ::1
2018-05-06T16:21:09.417Z - info: ::1 - - [06/May/2018:16:21:09 +0000] "GET /admin/camera/detail?cameraId=1 HTTP/1.1" 500 47 "http://localhost:8080/api-doc/" "Mozilla/5.0 (Windows NT 10.0; Win64; x64) AppleWebKit/537.36 (KHTML, like Gecko) Chrome/66.0.3359.139 Safari/537.36"

2018-05-06T16:23:10.967Z - error: 500 - json is not defined -ReferenceError: json is not defined
    at cameraService.findById.then.result (D:\Workspace\Nodejs\GIT\CameraApp\api\controllers\camera\admin\camera.controller.js:140:11)
    at tryCatcher (D:\Workspace\Nodejs\GIT\CameraApp\node_modules\bluebird\js\release\util.js:16:23)
    at Promise._settlePromiseFromHandler (D:\Workspace\Nodejs\GIT\CameraApp\node_modules\bluebird\js\release\promise.js:512:31)
    at Promise._settlePromise (D:\Workspace\Nodejs\GIT\CameraApp\node_modules\bluebird\js\release\promise.js:569:18)
    at Promise._settlePromise0 (D:\Workspace\Nodejs\GIT\CameraApp\node_modules\bluebird\js\release\promise.js:614:10)
    at Promise._settlePromises (D:\Workspace\Nodejs\GIT\CameraApp\node_modules\bluebird\js\release\promise.js:693:18)
    at Async._drainQueue (D:\Workspace\Nodejs\GIT\CameraApp\node_modules\bluebird\js\release\async.js:133:16)
    at Async._drainQueues (D:\Workspace\Nodejs\GIT\CameraApp\node_modules\bluebird\js\release\async.js:143:10)
    at Immediate.Async.drainQueues [as _onImmediate] (D:\Workspace\Nodejs\GIT\CameraApp\node_modules\bluebird\js\release\async.js:17:14)
    at runCallback (timers.js:757:18)
    at tryOnImmediate (timers.js:718:5)
    at processImmediate [as _immediateCallback] (timers.js:698:5)- /admin/camera/detail?cameraId=1 - GET - ::1
2018-05-06T16:23:10.974Z - info: ::1 - - [06/May/2018:16:23:10 +0000] "GET /admin/camera/detail?cameraId=1 HTTP/1.1" 500 12 "http://localhost:8080/api-doc/" "Mozilla/5.0 (Windows NT 10.0; Win64; x64) AppleWebKit/537.36 (KHTML, like Gecko) Chrome/66.0.3359.139 Safari/537.36"

2018-05-06T16:23:35.809Z - info: ::1 - - [06/May/2018:16:23:35 +0000] "GET /admin/camera/detail?cameraId=1 HTTP/1.1" 200 250 "http://localhost:8080/api-doc/" "Mozilla/5.0 (Windows NT 10.0; Win64; x64) AppleWebKit/537.36 (KHTML, like Gecko) Chrome/66.0.3359.139 Safari/537.36"

